desc: --massif-out-file=massif_dynamic_no_fba.out
cmd: zig-out/bin/main_profiling_target
time_unit: i
#-----------
snapshot=0
#-----------
time=0
mem_heap_B=0
mem_heap_extra_B=0
mem_stacks_B=0
heap_tree=empty
#-----------
snapshot=1
#-----------
time=275147
mem_heap_B=3136
mem_heap_extra_B=8
mem_stacks_B=0
heap_tree=empty
#-----------
snapshot=2
#-----------
time=294699
mem_heap_B=3168
mem_heap_extra_B=16
mem_stacks_B=0
heap_tree=empty
#-----------
snapshot=3
#-----------
time=299287
mem_heap_B=31512
mem_heap_extra_B=72
mem_stacks_B=0
heap_tree=empty
#-----------
snapshot=4
#-----------
time=304503
mem_heap_B=35640
mem_heap_extra_B=88
mem_stacks_B=0
heap_tree=empty
#-----------
snapshot=5
#-----------
time=944886
mem_heap_B=35648
mem_heap_extra_B=104
mem_stacks_B=0
heap_tree=empty
#-----------
snapshot=6
#-----------
time=947357
mem_heap_B=60800
mem_heap_extra_B=128
mem_stacks_B=0
heap_tree=empty
#-----------
snapshot=7
#-----------
time=951680
mem_heap_B=139216
mem_heap_extra_B=144
mem_stacks_B=0
heap_tree=empty
#-----------
snapshot=8
#-----------
time=2974729
mem_heap_B=139232
mem_heap_extra_B=152
mem_stacks_B=0
heap_tree=empty
#-----------
snapshot=9
#-----------
time=2975287
mem_heap_B=140032
mem_heap_extra_B=160
mem_stacks_B=0
heap_tree=empty
#-----------
snapshot=10
#-----------
time=3026393
mem_heap_B=140048
mem_heap_extra_B=168
mem_stacks_B=0
heap_tree=detailed
n1: 140048 (heap allocation functions) malloc/new/new[], --alloc-fns, etc.
 n2: 140048 0x11458EA: heap.rawCAlloc (heap.zig:296)
  n1: 139816 0x10FBFDA: rawAlloc (Allocator.zig:129)
   n1: 139816 0x10FBFDA: mem.Allocator.allocBytesWithAlignment__anon_23482 (Allocator.zig:269)
    n1: 139816 0x110F2C2: mem.Allocator.allocWithSizeAndAlignment__anon_24367 (Allocator.zig:260)
     n1: 139816 0x10FC6B8: allocAdvancedWithRetAddr (Allocator.zig:254)
      n2: 139816 0x10FC6B8: mem.Allocator.alloc__anon_24193 (Allocator.zig:178)
       n6: 136680 0x110FD29: Core.Tensor.tensor.Tensor(f32).fromShape (tensor.zig:244)
        n1: 78400 0x1113062: Core.Tensor.TensorMath.op_convolution.im2col__anon_24723 (op_convolution.zig:1093)
         n1: 78400 0x11192D5: Core.Tensor.TensorMath.op_convolution.convolve_tensor_with_bias__anon_24681 (op_convolution.zig:464)
          n1: 78400 0x112568B: Core.Tensor.TensorMath.op_convolution.OnnxConvLean__anon_24523 (op_convolution.zig:270)
           n1: 78400 0x10FD693: lib_mnist-8.predict (lib_mnist-8.zig:54)
            n1: 78400 0x10FC9B1: main.main (main.zig:48)
             n1: 78400 0x110CFD7: callMain (start.zig:656)
              n1: 78400 0x110CFD7: callMainWithArgs (start.zig:616)
               n0: 78400 0x110CFD7: main (start.zig:631)
        n1: 25088 0x10FD526: lib_mnist-8.predict (lib_mnist-8.zig:52)
         n1: 25088 0x10FC9B1: main.main (main.zig:48)
          n1: 25088 0x110CFD7: callMain (start.zig:656)
           n1: 25088 0x110CFD7: callMainWithArgs (start.zig:616)
            n0: 25088 0x110CFD7: main (start.zig:631)
        n1: 25088 0x11190C1: Core.Tensor.TensorMath.op_convolution.convolve_tensor_with_bias__anon_24681 (op_convolution.zig:450)
         n1: 25088 0x112568B: Core.Tensor.TensorMath.op_convolution.OnnxConvLean__anon_24523 (op_convolution.zig:270)
          n1: 25088 0x10FD693: lib_mnist-8.predict (lib_mnist-8.zig:54)
           n1: 25088 0x10FC9B1: main.main (main.zig:48)
            n1: 25088 0x110CFD7: callMain (start.zig:656)
             n1: 25088 0x110CFD7: callMainWithArgs (start.zig:616)
              n0: 25088 0x110CFD7: main (start.zig:631)
        n1: 4096 0x1124B98: Core.Tensor.TensorMath.op_convolution.OnnxConvLean__anon_24523 (op_convolution.zig:225)
         n1: 4096 0x10FD693: lib_mnist-8.predict (lib_mnist-8.zig:54)
          n1: 4096 0x10FC9B1: main.main (main.zig:48)
           n1: 4096 0x110CFD7: callMain (start.zig:656)
            n1: 4096 0x110CFD7: callMainWithArgs (start.zig:616)
             n0: 4096 0x110CFD7: main (start.zig:631)
        n1: 3136 0x10FD280: lib_mnist-8.predict (lib_mnist-8.zig:44)
         n1: 3136 0x10FC9B1: main.main (main.zig:48)
          n1: 3136 0x110CFD7: callMain (start.zig:656)
           n1: 3136 0x110CFD7: callMainWithArgs (start.zig:616)
            n0: 3136 0x110CFD7: main (start.zig:631)
        n0: 872 in 3 places, all below massif's threshold (1.00%)
       n1: 3136 0x10FCFC4: lib_mnist-8.predict (lib_mnist-8.zig:36)
        n1: 3136 0x10FC9B1: main.main (main.zig:48)
         n1: 3136 0x110CFD7: callMain (start.zig:656)
          n1: 3136 0x110CFD7: callMainWithArgs (start.zig:616)
           n0: 3136 0x110CFD7: main (start.zig:631)
  n0: 232 in 1 place, below massif's threshold (1.00%)
#-----------
snapshot=11
#-----------
time=3026922
mem_heap_B=140848
mem_heap_extra_B=176
mem_stacks_B=0
heap_tree=empty
#-----------
snapshot=12
#-----------
time=3040887
mem_heap_B=140864
mem_heap_extra_B=184
mem_stacks_B=0
heap_tree=empty
#-----------
snapshot=13
#-----------
time=3042122
mem_heap_B=165968
mem_heap_extra_B=200
mem_stacks_B=0
heap_tree=empty
#-----------
snapshot=14
#-----------
time=6976398
mem_heap_B=165968
mem_heap_extra_B=200
mem_stacks_B=0
heap_tree=detailed
n1: 165968 (heap allocation functions) malloc/new/new[], --alloc-fns, etc.
 n2: 165968 0x11458EA: heap.rawCAlloc (heap.zig:296)
  n1: 165704 0x10FBFDA: rawAlloc (Allocator.zig:129)
   n1: 165704 0x10FBFDA: mem.Allocator.allocBytesWithAlignment__anon_23482 (Allocator.zig:269)
    n1: 165704 0x110F2C2: mem.Allocator.allocWithSizeAndAlignment__anon_24367 (Allocator.zig:260)
     n1: 165704 0x10FC6B8: allocAdvancedWithRetAddr (Allocator.zig:254)
      n3: 165704 0x10FC6B8: mem.Allocator.alloc__anon_24193 (Allocator.zig:178)
       n7: 161768 0x110FD29: Core.Tensor.tensor.Tensor(f32).fromShape (tensor.zig:244)
        n1: 78400 0x1113062: Core.Tensor.TensorMath.op_convolution.im2col__anon_24723 (op_convolution.zig:1093)
         n1: 78400 0x11192D5: Core.Tensor.TensorMath.op_convolution.convolve_tensor_with_bias__anon_24681 (op_convolution.zig:464)
          n1: 78400 0x112568B: Core.Tensor.TensorMath.op_convolution.OnnxConvLean__anon_24523 (op_convolution.zig:270)
           n1: 78400 0x10FD693: lib_mnist-8.predict (lib_mnist-8.zig:54)
            n1: 78400 0x10FC9B1: main.main (main.zig:48)
             n1: 78400 0x110CFD7: callMain (start.zig:656)
              n1: 78400 0x110CFD7: callMainWithArgs (start.zig:616)
               n0: 78400 0x110CFD7: main (start.zig:631)
        n1: 25088 0x10FD526: lib_mnist-8.predict (lib_mnist-8.zig:52)
         n1: 25088 0x10FC9B1: main.main (main.zig:48)
          n1: 25088 0x110CFD7: callMain (start.zig:656)
           n1: 25088 0x110CFD7: callMainWithArgs (start.zig:616)
            n0: 25088 0x110CFD7: main (start.zig:631)
        n1: 25088 0x11190C1: Core.Tensor.TensorMath.op_convolution.convolve_tensor_with_bias__anon_24681 (op_convolution.zig:450)
         n1: 25088 0x112568B: Core.Tensor.TensorMath.op_convolution.OnnxConvLean__anon_24523 (op_convolution.zig:270)
          n1: 25088 0x10FD693: lib_mnist-8.predict (lib_mnist-8.zig:54)
           n1: 25088 0x10FC9B1: main.main (main.zig:48)
            n1: 25088 0x110CFD7: callMain (start.zig:656)
             n1: 25088 0x110CFD7: callMainWithArgs (start.zig:616)
              n0: 25088 0x110CFD7: main (start.zig:631)
        n1: 25088 0x112054D: mat_mul (op_mat_mul.zig:94)
         n1: 25088 0x112054D: Core.Tensor.TensorMath.op_convolution.convolve_tensor_with_bias__anon_24681 (op_convolution.zig:536)
          n1: 25088 0x112568B: Core.Tensor.TensorMath.op_convolution.OnnxConvLean__anon_24523 (op_convolution.zig:270)
           n1: 25088 0x10FD693: lib_mnist-8.predict (lib_mnist-8.zig:54)
            n1: 25088 0x10FC9B1: main.main (main.zig:48)
             n1: 25088 0x110CFD7: callMain (start.zig:656)
              n1: 25088 0x110CFD7: callMainWithArgs (start.zig:616)
               n0: 25088 0x110CFD7: main (start.zig:631)
        n1: 4096 0x1124B98: Core.Tensor.TensorMath.op_convolution.OnnxConvLean__anon_24523 (op_convolution.zig:225)
         n1: 4096 0x10FD693: lib_mnist-8.predict (lib_mnist-8.zig:54)
          n1: 4096 0x10FC9B1: main.main (main.zig:48)
           n1: 4096 0x110CFD7: callMain (start.zig:656)
            n1: 4096 0x110CFD7: callMainWithArgs (start.zig:616)
             n0: 4096 0x110CFD7: main (start.zig:631)
        n1: 3136 0x10FD280: lib_mnist-8.predict (lib_mnist-8.zig:44)
         n1: 3136 0x10FC9B1: main.main (main.zig:48)
          n1: 3136 0x110CFD7: callMain (start.zig:656)
           n1: 3136 0x110CFD7: callMainWithArgs (start.zig:616)
            n0: 3136 0x110CFD7: main (start.zig:631)
        n0: 872 in 3 places, all below massif's threshold (1.00%)
       n1: 3136 0x10FCFC4: lib_mnist-8.predict (lib_mnist-8.zig:36)
        n1: 3136 0x10FC9B1: main.main (main.zig:48)
         n1: 3136 0x110CFD7: callMain (start.zig:656)
          n1: 3136 0x110CFD7: callMainWithArgs (start.zig:616)
           n0: 3136 0x110CFD7: main (start.zig:631)
       n0: 800 in 1 place, below massif's threshold (1.00%)
  n0: 264 in 1 place, below massif's threshold (1.00%)
#-----------
snapshot=15
#-----------
time=6977214
mem_heap_B=165136
mem_heap_extra_B=176
mem_stacks_B=0
heap_tree=empty
#-----------
snapshot=16
#-----------
time=9945734
mem_heap_B=140048
mem_heap_extra_B=168
mem_stacks_B=0
heap_tree=empty
#-----------
snapshot=17
#-----------
time=9946803
mem_heap_B=139216
mem_heap_extra_B=144
mem_stacks_B=0
heap_tree=empty
#-----------
snapshot=18
#-----------
time=9951457
mem_heap_B=60816
mem_heap_extra_B=136
mem_stacks_B=0
heap_tree=empty
#-----------
snapshot=19
#-----------
time=9956671
mem_heap_B=35672
mem_heap_extra_B=96
mem_stacks_B=0
heap_tree=empty
#-----------
snapshot=20
#-----------
time=9958978
mem_heap_B=56632
mem_heap_extra_B=88
mem_stacks_B=0
heap_tree=empty
#-----------
snapshot=21
#-----------
time=13865353
mem_heap_B=31544
mem_heap_extra_B=80
mem_stacks_B=0
heap_tree=empty
#-----------
snapshot=22
#-----------
time=13866739
mem_heap_B=56632
mem_heap_extra_B=88
mem_stacks_B=0
heap_tree=empty
#-----------
snapshot=23
#-----------
time=14125066
mem_heap_B=31544
mem_heap_extra_B=80
mem_stacks_B=0
heap_tree=empty
#-----------
snapshot=24
#-----------
time=14126452
mem_heap_B=37816
mem_heap_extra_B=88
mem_stacks_B=0
heap_tree=empty
#-----------
snapshot=25
#-----------
time=15466880
mem_heap_B=12728
mem_heap_extra_B=80
mem_stacks_B=0
heap_tree=empty
#-----------
snapshot=26
#-----------
time=15468266
mem_heap_B=25272
mem_heap_extra_B=88
mem_stacks_B=0
heap_tree=empty
#-----------
snapshot=27
#-----------
time=15472110
mem_heap_B=35672
mem_heap_extra_B=104
mem_stacks_B=0
heap_tree=empty
#-----------
snapshot=28
#-----------
time=16754358
mem_heap_B=35680
mem_heap_extra_B=120
mem_stacks_B=0
heap_tree=empty
#-----------
snapshot=29
#-----------
time=16756845
mem_heap_B=48320
mem_heap_extra_B=144
mem_stacks_B=0
heap_tree=empty
#-----------
snapshot=30
#-----------
time=16759796
mem_heap_B=205136
mem_heap_extra_B=160
mem_stacks_B=0
heap_tree=empty
#-----------
snapshot=31
#-----------
time=20523423
mem_heap_B=205152
mem_heap_extra_B=168
mem_stacks_B=0
heap_tree=empty
#-----------
snapshot=32
#-----------
time=20523981
mem_heap_B=217952
mem_heap_extra_B=176
mem_stacks_B=0
heap_tree=empty
#-----------
snapshot=33
#-----------
time=21326595
mem_heap_B=217968
mem_heap_extra_B=184
mem_stacks_B=0
heap_tree=detailed
n1: 217968 (heap allocation functions) malloc/new/new[], --alloc-fns, etc.
 n2: 217968 0x11458EA: heap.rawCAlloc (heap.zig:296)
  n1: 217704 0x10FBFDA: rawAlloc (Allocator.zig:129)
   n1: 217704 0x10FBFDA: mem.Allocator.allocBytesWithAlignment__anon_23482 (Allocator.zig:269)
    n1: 217704 0x110F2C2: mem.Allocator.allocWithSizeAndAlignment__anon_24367 (Allocator.zig:260)
     n1: 217704 0x10FC6B8: allocAdvancedWithRetAddr (Allocator.zig:254)
      n3: 217704 0x10FC6B8: mem.Allocator.alloc__anon_24193 (Allocator.zig:178)
       n8: 214568 0x110FD29: Core.Tensor.tensor.Tensor(f32).fromShape (tensor.zig:244)
        n1: 156800 0x1113062: Core.Tensor.TensorMath.op_convolution.im2col__anon_24723 (op_convolution.zig:1093)
         n1: 156800 0x11192D5: Core.Tensor.TensorMath.op_convolution.convolve_tensor_with_bias__anon_24681 (op_convolution.zig:464)
          n2: 156800 0x112568B: Core.Tensor.TensorMath.op_convolution.OnnxConvLean__anon_24523 (op_convolution.zig:270)
           n1: 156800 0x1101F50: lib_mnist-8.predict (lib_mnist-8.zig:93)
            n1: 156800 0x10FC9B1: main.main (main.zig:48)
             n1: 156800 0x110CFD7: callMain (start.zig:656)
              n1: 156800 0x110CFD7: callMainWithArgs (start.zig:616)
               n0: 156800 0x110CFD7: main (start.zig:631)
           n0: 0 in 1 place, below massif's threshold (1.00%)
        n1: 12800 0x11194A0: Core.Tensor.TensorMath.op_convolution.convolve_tensor_with_bias__anon_24681 (op_convolution.zig:487)
         n2: 12800 0x112568B: Core.Tensor.TensorMath.op_convolution.OnnxConvLean__anon_24523 (op_convolution.zig:270)
          n1: 12800 0x1101F50: lib_mnist-8.predict (lib_mnist-8.zig:93)
           n1: 12800 0x10FC9B1: main.main (main.zig:48)
            n1: 12800 0x110CFD7: callMain (start.zig:656)
             n1: 12800 0x110CFD7: callMainWithArgs (start.zig:616)
              n0: 12800 0x110CFD7: main (start.zig:631)
          n0: 0 in 1 place, below massif's threshold (1.00%)
        n1: 12544 0x1101DE3: lib_mnist-8.predict (lib_mnist-8.zig:91)
         n1: 12544 0x10FC9B1: main.main (main.zig:48)
          n1: 12544 0x110CFD7: callMain (start.zig:656)
           n1: 12544 0x110CFD7: callMainWithArgs (start.zig:616)
            n0: 12544 0x110CFD7: main (start.zig:631)
        n1: 12544 0x11190C1: Core.Tensor.TensorMath.op_convolution.convolve_tensor_with_bias__anon_24681 (op_convolution.zig:450)
         n2: 12544 0x112568B: Core.Tensor.TensorMath.op_convolution.OnnxConvLean__anon_24523 (op_convolution.zig:270)
          n1: 12544 0x1101F50: lib_mnist-8.predict (lib_mnist-8.zig:93)
           n1: 12544 0x10FC9B1: main.main (main.zig:48)
            n1: 12544 0x110CFD7: callMain (start.zig:656)
             n1: 12544 0x110CFD7: callMainWithArgs (start.zig:616)
              n0: 12544 0x110CFD7: main (start.zig:631)
          n0: 0 in 1 place, below massif's threshold (1.00%)
        n2: 10368 0x1124B98: Core.Tensor.TensorMath.op_convolution.OnnxConvLean__anon_24523 (op_convolution.zig:225)
         n1: 10368 0x1101F50: lib_mnist-8.predict (lib_mnist-8.zig:93)
          n1: 10368 0x10FC9B1: main.main (main.zig:48)
           n1: 10368 0x110CFD7: callMain (start.zig:656)
            n1: 10368 0x110CFD7: callMainWithArgs (start.zig:616)
             n0: 10368 0x110CFD7: main (start.zig:631)
         n0: 0 in 1 place, below massif's threshold (1.00%)
        n1: 6272 0x1101B61: lib_mnist-8.predict (lib_mnist-8.zig:77)
         n1: 6272 0x10FC9B1: main.main (main.zig:48)
          n1: 6272 0x110CFD7: callMain (start.zig:656)
           n1: 6272 0x110CFD7: callMainWithArgs (start.zig:616)
            n0: 6272 0x110CFD7: main (start.zig:631)
        n1: 3136 0x10FD280: lib_mnist-8.predict (lib_mnist-8.zig:44)
         n1: 3136 0x10FC9B1: main.main (main.zig:48)
          n1: 3136 0x110CFD7: callMain (start.zig:656)
           n1: 3136 0x110CFD7: callMainWithArgs (start.zig:616)
            n0: 3136 0x110CFD7: main (start.zig:631)
        n0: 104 in 6 places, all below massif's threshold (1.00%)
       n1: 3136 0x10FCFC4: lib_mnist-8.predict (lib_mnist-8.zig:36)
        n1: 3136 0x10FC9B1: main.main (main.zig:48)
         n1: 3136 0x110CFD7: callMain (start.zig:656)
          n1: 3136 0x110CFD7: callMainWithArgs (start.zig:616)
           n0: 3136 0x110CFD7: main (start.zig:631)
       n0: 0 in 1 place, below massif's threshold (1.00%)
  n0: 264 in 1 place, below massif's threshold (1.00%)
#-----------
snapshot=34
#-----------
time=21327124
mem_heap_B=230768
mem_heap_extra_B=192
mem_stacks_B=0
heap_tree=empty
#-----------
snapshot=35
#-----------
time=21536911
mem_heap_B=230784
mem_heap_extra_B=200
mem_stacks_B=0
heap_tree=empty
#-----------
snapshot=36
#-----------
time=21538146
mem_heap_B=243344
mem_heap_extra_B=216
mem_stacks_B=0
heap_tree=empty
#-----------
snapshot=37
#-----------
time=36804064
mem_heap_B=243344
mem_heap_extra_B=216
mem_stacks_B=0
heap_tree=peak
n1: 243344 (heap allocation functions) malloc/new/new[], --alloc-fns, etc.
 n2: 243344 0x11458EA: heap.rawCAlloc (heap.zig:296)
  n1: 243048 0x10FBFDA: rawAlloc (Allocator.zig:129)
   n1: 243048 0x10FBFDA: mem.Allocator.allocBytesWithAlignment__anon_23482 (Allocator.zig:269)
    n1: 243048 0x110F2C2: mem.Allocator.allocWithSizeAndAlignment__anon_24367 (Allocator.zig:260)
     n1: 243048 0x10FC6B8: allocAdvancedWithRetAddr (Allocator.zig:254)
      n3: 243048 0x10FC6B8: mem.Allocator.alloc__anon_24193 (Allocator.zig:178)
       n9: 227112 0x110FD29: Core.Tensor.tensor.Tensor(f32).fromShape (tensor.zig:244)
        n1: 156800 0x1113062: Core.Tensor.TensorMath.op_convolution.im2col__anon_24723 (op_convolution.zig:1093)
         n1: 156800 0x11192D5: Core.Tensor.TensorMath.op_convolution.convolve_tensor_with_bias__anon_24681 (op_convolution.zig:464)
          n2: 156800 0x112568B: Core.Tensor.TensorMath.op_convolution.OnnxConvLean__anon_24523 (op_convolution.zig:270)
           n1: 156800 0x1101F50: lib_mnist-8.predict (lib_mnist-8.zig:93)
            n1: 156800 0x10FC9B1: main.main (main.zig:48)
             n1: 156800 0x110CFD7: callMain (start.zig:656)
              n1: 156800 0x110CFD7: callMainWithArgs (start.zig:616)
               n0: 156800 0x110CFD7: main (start.zig:631)
           n0: 0 in 1 place, below massif's threshold (1.00%)
        n1: 12800 0x11194A0: Core.Tensor.TensorMath.op_convolution.convolve_tensor_with_bias__anon_24681 (op_convolution.zig:487)
         n2: 12800 0x112568B: Core.Tensor.TensorMath.op_convolution.OnnxConvLean__anon_24523 (op_convolution.zig:270)
          n1: 12800 0x1101F50: lib_mnist-8.predict (lib_mnist-8.zig:93)
           n1: 12800 0x10FC9B1: main.main (main.zig:48)
            n1: 12800 0x110CFD7: callMain (start.zig:656)
             n1: 12800 0x110CFD7: callMainWithArgs (start.zig:616)
              n0: 12800 0x110CFD7: main (start.zig:631)
          n0: 0 in 1 place, below massif's threshold (1.00%)
        n1: 12544 0x1101DE3: lib_mnist-8.predict (lib_mnist-8.zig:91)
         n1: 12544 0x10FC9B1: main.main (main.zig:48)
          n1: 12544 0x110CFD7: callMain (start.zig:656)
           n1: 12544 0x110CFD7: callMainWithArgs (start.zig:616)
            n0: 12544 0x110CFD7: main (start.zig:631)
        n1: 12544 0x11190C1: Core.Tensor.TensorMath.op_convolution.convolve_tensor_with_bias__anon_24681 (op_convolution.zig:450)
         n2: 12544 0x112568B: Core.Tensor.TensorMath.op_convolution.OnnxConvLean__anon_24523 (op_convolution.zig:270)
          n1: 12544 0x1101F50: lib_mnist-8.predict (lib_mnist-8.zig:93)
           n1: 12544 0x10FC9B1: main.main (main.zig:48)
            n1: 12544 0x110CFD7: callMain (start.zig:656)
             n1: 12544 0x110CFD7: callMainWithArgs (start.zig:616)
              n0: 12544 0x110CFD7: main (start.zig:631)
          n0: 0 in 1 place, below massif's threshold (1.00%)
        n1: 12544 0x112054D: mat_mul (op_mat_mul.zig:94)
         n1: 12544 0x112054D: Core.Tensor.TensorMath.op_convolution.convolve_tensor_with_bias__anon_24681 (op_convolution.zig:536)
          n2: 12544 0x112568B: Core.Tensor.TensorMath.op_convolution.OnnxConvLean__anon_24523 (op_convolution.zig:270)
           n1: 12544 0x1101F50: lib_mnist-8.predict (lib_mnist-8.zig:93)
            n1: 12544 0x10FC9B1: main.main (main.zig:48)
             n1: 12544 0x110CFD7: callMain (start.zig:656)
              n1: 12544 0x110CFD7: callMainWithArgs (start.zig:616)
               n0: 12544 0x110CFD7: main (start.zig:631)
           n0: 0 in 1 place, below massif's threshold (1.00%)
        n2: 10368 0x1124B98: Core.Tensor.TensorMath.op_convolution.OnnxConvLean__anon_24523 (op_convolution.zig:225)
         n1: 10368 0x1101F50: lib_mnist-8.predict (lib_mnist-8.zig:93)
          n1: 10368 0x10FC9B1: main.main (main.zig:48)
           n1: 10368 0x110CFD7: callMain (start.zig:656)
            n1: 10368 0x110CFD7: callMainWithArgs (start.zig:616)
             n0: 10368 0x110CFD7: main (start.zig:631)
         n0: 0 in 1 place, below massif's threshold (1.00%)
        n1: 6272 0x1101B61: lib_mnist-8.predict (lib_mnist-8.zig:77)
         n1: 6272 0x10FC9B1: main.main (main.zig:48)
          n1: 6272 0x110CFD7: callMain (start.zig:656)
           n1: 6272 0x110CFD7: callMainWithArgs (start.zig:616)
            n0: 6272 0x110CFD7: main (start.zig:631)
        n1: 3136 0x10FD280: lib_mnist-8.predict (lib_mnist-8.zig:44)
         n1: 3136 0x10FC9B1: main.main (main.zig:48)
          n1: 3136 0x110CFD7: callMain (start.zig:656)
           n1: 3136 0x110CFD7: callMainWithArgs (start.zig:616)
            n0: 3136 0x110CFD7: main (start.zig:631)
        n0: 104 in 5 places, all below massif's threshold (1.00%)
       n1: 12800 0x1116920: Core.Tensor.TensorMath.lib_shape_math.op_transpose.transposeLastTwo__anon_24801 (op_transpose.zig:142)
        n1: 12800 0x1119A0A: Core.Tensor.TensorMath.op_convolution.convolve_tensor_with_bias__anon_24681 (op_convolution.zig:522)
         n2: 12800 0x112568B: Core.Tensor.TensorMath.op_convolution.OnnxConvLean__anon_24523 (op_convolution.zig:270)
          n1: 12800 0x1101F50: lib_mnist-8.predict (lib_mnist-8.zig:93)
           n1: 12800 0x10FC9B1: main.main (main.zig:48)
            n1: 12800 0x110CFD7: callMain (start.zig:656)
             n1: 12800 0x110CFD7: callMainWithArgs (start.zig:616)
              n0: 12800 0x110CFD7: main (start.zig:631)
          n0: 0 in 1 place, below massif's threshold (1.00%)
       n1: 3136 0x10FCFC4: lib_mnist-8.predict (lib_mnist-8.zig:36)
        n1: 3136 0x10FC9B1: main.main (main.zig:48)
         n1: 3136 0x110CFD7: callMain (start.zig:656)
          n1: 3136 0x110CFD7: callMainWithArgs (start.zig:616)
           n0: 3136 0x110CFD7: main (start.zig:631)
  n0: 296 in 1 place, below massif's threshold (1.00%)
#-----------
snapshot=38
#-----------
time=36805518
mem_heap_B=230512
mem_heap_extra_B=192
mem_stacks_B=0
heap_tree=empty
#-----------
snapshot=39
#-----------
time=38294816
mem_heap_B=217968
mem_heap_extra_B=184
mem_stacks_B=0
heap_tree=empty
#-----------
snapshot=40
#-----------
time=38296523
mem_heap_B=205136
mem_heap_extra_B=160
mem_stacks_B=0
heap_tree=empty
#-----------
snapshot=41
#-----------
time=38305440
mem_heap_B=48336
mem_heap_extra_B=152
mem_stacks_B=0
heap_tree=empty
#-----------
snapshot=42
#-----------
time=38308996
mem_heap_B=35704
mem_heap_extra_B=112
mem_stacks_B=0
heap_tree=empty
#-----------
snapshot=43
#-----------
time=38312667
mem_heap_B=31544
mem_heap_extra_B=88
mem_stacks_B=0
heap_tree=empty
#-----------
snapshot=44
#-----------
time=40319372
mem_heap_B=19000
mem_heap_extra_B=80
mem_stacks_B=0
heap_tree=detailed
n1: 19000 (heap allocation functions) malloc/new/new[], --alloc-fns, etc.
 n2: 19000 0x11458EA: heap.rawCAlloc (heap.zig:296)
  n1: 18856 0x10FBFDA: rawAlloc (Allocator.zig:129)
   n1: 18856 0x10FBFDA: mem.Allocator.allocBytesWithAlignment__anon_23482 (Allocator.zig:269)
    n1: 18856 0x110F2C2: mem.Allocator.allocWithSizeAndAlignment__anon_24367 (Allocator.zig:260)
     n1: 18856 0x10FC6B8: allocAdvancedWithRetAddr (Allocator.zig:254)
      n3: 18856 0x10FC6B8: mem.Allocator.alloc__anon_24193 (Allocator.zig:178)
       n3: 15720 0x110FD29: Core.Tensor.tensor.Tensor(f32).fromShape (tensor.zig:244)
        n1: 12544 0x1102069: lib_mnist-8.predict (lib_mnist-8.zig:107)
         n1: 12544 0x10FC9B1: main.main (main.zig:48)
          n1: 12544 0x110CFD7: callMain (start.zig:656)
           n1: 12544 0x110CFD7: callMainWithArgs (start.zig:616)
            n0: 12544 0x110CFD7: main (start.zig:631)
        n1: 3136 0x10FD280: lib_mnist-8.predict (lib_mnist-8.zig:44)
         n1: 3136 0x10FC9B1: main.main (main.zig:48)
          n1: 3136 0x110CFD7: callMain (start.zig:656)
           n1: 3136 0x110CFD7: callMainWithArgs (start.zig:616)
            n0: 3136 0x110CFD7: main (start.zig:631)
        n0: 40 in 12 places, all below massif's threshold (1.00%)
       n1: 3136 0x10FCFC4: lib_mnist-8.predict (lib_mnist-8.zig:36)
        n1: 3136 0x10FC9B1: main.main (main.zig:48)
         n1: 3136 0x110CFD7: callMain (start.zig:656)
          n1: 3136 0x110CFD7: callMainWithArgs (start.zig:616)
           n0: 3136 0x110CFD7: main (start.zig:631)
       n0: 0 in 1 place, below massif's threshold (1.00%)
  n0: 144 in 1 place, below massif's threshold (1.00%)
#-----------
snapshot=45
#-----------
time=40320758
mem_heap_B=31544
mem_heap_extra_B=88
mem_stacks_B=0
heap_tree=empty
#-----------
snapshot=46
#-----------
time=40415483
mem_heap_B=19000
mem_heap_extra_B=80
mem_stacks_B=0
heap_tree=empty
#-----------
snapshot=47
#-----------
time=40416869
mem_heap_B=20024
mem_heap_extra_B=88
mem_stacks_B=0
heap_tree=empty
#-----------
snapshot=48
#-----------
time=40853662
mem_heap_B=7480
mem_heap_extra_B=80
mem_stacks_B=0
heap_tree=empty
#-----------
snapshot=49
#-----------
time=40854441
mem_heap_B=7464
mem_heap_extra_B=80
mem_stacks_B=0
heap_tree=detailed
n1: 7464 (heap allocation functions) malloc/new/new[], --alloc-fns, etc.
 n2: 7464 0x11458EA: heap.rawCAlloc (heap.zig:296)
  n1: 7336 0x10FBFDA: rawAlloc (Allocator.zig:129)
   n1: 7336 0x10FBFDA: mem.Allocator.allocBytesWithAlignment__anon_23482 (Allocator.zig:269)
    n1: 7336 0x110F2C2: mem.Allocator.allocWithSizeAndAlignment__anon_24367 (Allocator.zig:260)
     n1: 7336 0x10FC6B8: allocAdvancedWithRetAddr (Allocator.zig:254)
      n3: 7336 0x10FC6B8: mem.Allocator.alloc__anon_24193 (Allocator.zig:178)
       n3: 4200 0x110FD29: Core.Tensor.tensor.Tensor(f32).fromShape (tensor.zig:244)
        n1: 3136 0x10FD280: lib_mnist-8.predict (lib_mnist-8.zig:44)
         n1: 3136 0x10FC9B1: main.main (main.zig:48)
          n1: 3136 0x110CFD7: callMain (start.zig:656)
           n1: 3136 0x110CFD7: callMainWithArgs (start.zig:616)
            n0: 3136 0x110CFD7: main (start.zig:631)
        n1: 1024 0x1106433: lib_mnist-8.predict (lib_mnist-8.zig:117)
         n1: 1024 0x10FC9B1: main.main (main.zig:48)
          n1: 1024 0x110CFD7: callMain (start.zig:656)
           n1: 1024 0x110CFD7: callMainWithArgs (start.zig:616)
            n0: 1024 0x110CFD7: main (start.zig:631)
        n0: 40 in 14 places, all below massif's threshold (1.00%)
       n1: 3136 0x10FCFC4: lib_mnist-8.predict (lib_mnist-8.zig:36)
        n1: 3136 0x10FC9B1: main.main (main.zig:48)
         n1: 3136 0x110CFD7: callMain (start.zig:656)
          n1: 3136 0x110CFD7: callMainWithArgs (start.zig:616)
           n0: 3136 0x110CFD7: main (start.zig:631)
       n0: 0 in 1 place, below massif's threshold (1.00%)
  n1: 128 0x107EE1A: rawAlloc (Allocator.zig:129)
   n1: 128 0x107EE1A: mem.Allocator.allocBytesWithAlignment__anon_9631 (Allocator.zig:269)
    n1: 128 0x112BCD2: mem.Allocator.allocWithSizeAndAlignment__anon_27930 (Allocator.zig:260)
     n1: 128 0x110F968: allocAdvancedWithRetAddr (Allocator.zig:254)
      n2: 128 0x110F968: mem.Allocator.alloc__anon_24427 (Allocator.zig:178)
       n1: 96 0x110FB6C: Core.Tensor.tensor.Tensor(f32).fromShape (tensor.zig:241)
        n0: 96 in 17 places, all below massif's threshold (1.00%)
       n0: 32 in 3 places, all below massif's threshold (1.00%)
#-----------
snapshot=50
#-----------
time=40854999
mem_heap_B=8488
mem_heap_extra_B=88
mem_stacks_B=0
heap_tree=empty
#-----------
snapshot=51
#-----------
time=40855677
mem_heap_B=8504
mem_heap_extra_B=96
mem_stacks_B=0
heap_tree=empty
#-----------
snapshot=52
#-----------
time=40856285
mem_heap_B=8520
mem_heap_extra_B=104
mem_stacks_B=0
heap_tree=empty
#-----------
snapshot=53
#-----------
time=40857273
mem_heap_B=8504
mem_heap_extra_B=96
mem_stacks_B=0
heap_tree=empty
#-----------
snapshot=54
#-----------
time=40858006
mem_heap_B=7448
mem_heap_extra_B=80
mem_stacks_B=0
heap_tree=empty
#-----------
snapshot=55
#-----------
time=40859007
mem_heap_B=17704
mem_heap_extra_B=96
mem_stacks_B=0
heap_tree=empty
#-----------
snapshot=56
#-----------
time=40860693
mem_heap_B=17720
mem_heap_extra_B=104
mem_stacks_B=0
heap_tree=empty
#-----------
snapshot=57
#-----------
time=40861301
mem_heap_B=17736
mem_heap_extra_B=112
mem_stacks_B=0
heap_tree=empty
#-----------
snapshot=58
#-----------
time=40863009
mem_heap_B=17720
mem_heap_extra_B=104
mem_stacks_B=0
heap_tree=empty
#-----------
snapshot=59
#-----------
time=40864009
mem_heap_B=17776
mem_heap_extra_B=128
mem_stacks_B=0
heap_tree=detailed
n1: 17776 (heap allocation functions) malloc/new/new[], --alloc-fns, etc.
 n2: 17776 0x11458EA: heap.rawCAlloc (heap.zig:296)
  n1: 17616 0x10FBFDA: rawAlloc (Allocator.zig:129)
   n1: 17616 0x10FBFDA: mem.Allocator.allocBytesWithAlignment__anon_23482 (Allocator.zig:269)
    n1: 17616 0x110F2C2: mem.Allocator.allocWithSizeAndAlignment__anon_24367 (Allocator.zig:260)
     n1: 17616 0x10FC6B8: allocAdvancedWithRetAddr (Allocator.zig:254)
      n3: 17616 0x10FC6B8: mem.Allocator.alloc__anon_24193 (Allocator.zig:178)
       n4: 14480 0x110FD29: Core.Tensor.tensor.Tensor(f32).fromShape (tensor.zig:244)
        n1: 10240 0x1106AE1: lib_mnist-8.predict (lib_mnist-8.zig:148)
         n1: 10240 0x10FC9B1: main.main (main.zig:48)
          n1: 10240 0x110CFD7: callMain (start.zig:656)
           n1: 10240 0x110CFD7: callMainWithArgs (start.zig:616)
            n0: 10240 0x110CFD7: main (start.zig:631)
        n1: 3136 0x10FD280: lib_mnist-8.predict (lib_mnist-8.zig:44)
         n1: 3136 0x10FC9B1: main.main (main.zig:48)
          n1: 3136 0x110CFD7: callMain (start.zig:656)
           n1: 3136 0x110CFD7: callMainWithArgs (start.zig:616)
            n0: 3136 0x110CFD7: main (start.zig:631)
        n1: 1024 0x11066BC: lib_mnist-8.predict (lib_mnist-8.zig:131)
         n1: 1024 0x10FC9B1: main.main (main.zig:48)
          n1: 1024 0x110CFD7: callMain (start.zig:656)
           n1: 1024 0x110CFD7: callMainWithArgs (start.zig:616)
            n0: 1024 0x110CFD7: main (start.zig:631)
        n0: 80 in 16 places, all below massif's threshold (1.00%)
       n1: 3136 0x10FCFC4: lib_mnist-8.predict (lib_mnist-8.zig:36)
        n1: 3136 0x10FC9B1: main.main (main.zig:48)
         n1: 3136 0x110CFD7: callMain (start.zig:656)
          n1: 3136 0x110CFD7: callMainWithArgs (start.zig:616)
           n0: 3136 0x110CFD7: main (start.zig:631)
       n0: 0 in 1 place, below massif's threshold (1.00%)
  n0: 160 in 1 place, below massif's threshold (1.00%)
#-----------
snapshot=60
#-----------
time=40937836
mem_heap_B=16752
mem_heap_extra_B=120
mem_stacks_B=0
heap_tree=empty
#-----------
snapshot=61
#-----------
time=40939070
mem_heap_B=6496
mem_heap_extra_B=104
mem_stacks_B=0
heap_tree=empty
#-----------
snapshot=62
#-----------
time=40956758
mem_heap_B=6440
mem_heap_extra_B=80
mem_stacks_B=0
heap_tree=empty
#-----------
snapshot=63
#-----------
time=40957778
mem_heap_B=6408
mem_heap_extra_B=64
mem_stacks_B=0
heap_tree=empty
#-----------
snapshot=64
#-----------
time=40958624
mem_heap_B=3256
mem_heap_extra_B=48
mem_stacks_B=0
heap_tree=empty
#-----------
snapshot=65
#-----------
time=40959296
mem_heap_B=3192
mem_heap_extra_B=32
mem_stacks_B=0
heap_tree=empty
