desc: --massif-out-file=massif_static_fixed.out
cmd: zig-out/bin/main_profiling_target
time_unit: i
#-----------
snapshot=0
#-----------
time=0
mem_heap_B=0
mem_heap_extra_B=0
mem_stacks_B=0
heap_tree=empty
#-----------
snapshot=1
#-----------
time=282692
mem_heap_B=3136
mem_heap_extra_B=8
mem_stacks_B=0
heap_tree=empty
#-----------
snapshot=2
#-----------
time=302244
mem_heap_B=3168
mem_heap_extra_B=16
mem_stacks_B=0
heap_tree=empty
#-----------
snapshot=3
#-----------
time=303016
mem_heap_B=3200
mem_heap_extra_B=24
mem_stacks_B=0
heap_tree=empty
#-----------
snapshot=4
#-----------
time=303578
mem_heap_B=6336
mem_heap_extra_B=32
mem_stacks_B=0
heap_tree=empty
#-----------
snapshot=5
#-----------
time=306196
mem_heap_B=6368
mem_heap_extra_B=40
mem_stacks_B=0
heap_tree=empty
#-----------
snapshot=6
#-----------
time=306758
mem_heap_B=10464
mem_heap_extra_B=48
mem_stacks_B=0
heap_tree=empty
#-----------
snapshot=7
#-----------
time=947141
mem_heap_B=10472
mem_heap_extra_B=64
mem_stacks_B=0
heap_tree=empty
#-----------
snapshot=8
#-----------
time=947721
mem_heap_B=10504
mem_heap_extra_B=72
mem_stacks_B=0
heap_tree=empty
#-----------
snapshot=9
#-----------
time=949050
mem_heap_B=10536
mem_heap_extra_B=80
mem_stacks_B=0
heap_tree=detailed
n1: 10536 (heap allocation functions) malloc/new/new[], --alloc-fns, etc.
 n2: 10536 0x114507A: heap.rawCAlloc (heap.zig:296)
  n1: 10400 0x10FC0AA: rawAlloc (Allocator.zig:129)
   n1: 10400 0x10FC0AA: mem.Allocator.allocBytesWithAlignment__anon_23482 (Allocator.zig:269)
    n1: 10400 0x110E072: mem.Allocator.allocWithSizeAndAlignment__anon_24367 (Allocator.zig:260)
     n1: 10400 0x10FC788: allocAdvancedWithRetAddr (Allocator.zig:254)
      n2: 10400 0x10FC788: mem.Allocator.alloc__anon_24193 (Allocator.zig:178)
       n3: 7264 0x110EAD9: Core.Tensor.tensor.Tensor(f32).fromShape (tensor.zig:244)
        n1: 4096 0x1123948: Core.Tensor.TensorMath.op_convolution.OnnxConvLean__anon_24583 (op_convolution.zig:225)
         n1: 4096 0x10FD5BB: lib_mnist-8.predict (lib_mnist-8.zig:105)
          n1: 4096 0x10FCA81: main.main (main.zig:48)
           n1: 4096 0x110BD87: callMain (start.zig:656)
            n1: 4096 0x110BD87: callMainWithArgs (start.zig:616)
             n0: 4096 0x110BD87: main (start.zig:631)
        n1: 3136 0x10FD35C: lib_mnist-8.predict (lib_mnist-8.zig:100)
         n1: 3136 0x10FCA81: main.main (main.zig:48)
          n1: 3136 0x110BD87: callMain (start.zig:656)
           n1: 3136 0x110BD87: callMainWithArgs (start.zig:616)
            n0: 3136 0x110BD87: main (start.zig:631)
        n0: 32 in 1 place, below massif's threshold (1.00%)
       n1: 3136 0x10FD0A0: lib_mnist-8.predict (lib_mnist-8.zig:92)
        n1: 3136 0x10FCA81: main.main (main.zig:48)
         n1: 3136 0x110BD87: callMain (start.zig:656)
          n1: 3136 0x110BD87: callMainWithArgs (start.zig:616)
           n0: 3136 0x110BD87: main (start.zig:631)
  n1: 136 0x107EEEA: rawAlloc (Allocator.zig:129)
   n1: 136 0x107EEEA: mem.Allocator.allocBytesWithAlignment__anon_9631 (Allocator.zig:269)
    n1: 136 0x112AB72: mem.Allocator.allocWithSizeAndAlignment__anon_28198 (Allocator.zig:260)
     n1: 136 0x110E718: allocAdvancedWithRetAddr (Allocator.zig:254)
      n1: 136 0x110E718: mem.Allocator.alloc__anon_24429 (Allocator.zig:178)
       n0: 136 in 2 places, all below massif's threshold (1.00%)
#-----------
snapshot=10
#-----------
time=949612
mem_heap_B=35624
mem_heap_extra_B=88
mem_stacks_B=0
heap_tree=empty
#-----------
snapshot=11
#-----------
time=953377
mem_heap_B=35640
mem_heap_extra_B=96
mem_stacks_B=0
heap_tree=empty
#-----------
snapshot=12
#-----------
time=953935
mem_heap_B=114040
mem_heap_extra_B=104
mem_stacks_B=0
heap_tree=empty
#-----------
snapshot=13
#-----------
time=2976984
mem_heap_B=114056
mem_heap_extra_B=112
mem_stacks_B=0
heap_tree=empty
#-----------
snapshot=14
#-----------
time=2977542
mem_heap_B=114856
mem_heap_extra_B=120
mem_stacks_B=0
heap_tree=empty
#-----------
snapshot=15
#-----------
time=3028648
mem_heap_B=114872
mem_heap_extra_B=128
mem_stacks_B=0
heap_tree=empty
#-----------
snapshot=16
#-----------
time=3029177
mem_heap_B=115672
mem_heap_extra_B=136
mem_stacks_B=0
heap_tree=empty
#-----------
snapshot=17
#-----------
time=3043142
mem_heap_B=115688
mem_heap_extra_B=144
mem_stacks_B=0
heap_tree=empty
#-----------
snapshot=18
#-----------
time=3043819
mem_heap_B=115704
mem_heap_extra_B=152
mem_stacks_B=0
heap_tree=empty
#-----------
snapshot=19
#-----------
time=3044377
mem_heap_B=140792
mem_heap_extra_B=160
mem_stacks_B=0
heap_tree=detailed
n1: 140792 (heap allocation functions) malloc/new/new[], --alloc-fns, etc.
 n2: 140792 0x114507A: heap.rawCAlloc (heap.zig:296)
  n1: 140576 0x10FC0AA: rawAlloc (Allocator.zig:129)
   n1: 140576 0x10FC0AA: mem.Allocator.allocBytesWithAlignment__anon_23482 (Allocator.zig:269)
    n1: 140576 0x110E072: mem.Allocator.allocWithSizeAndAlignment__anon_24367 (Allocator.zig:260)
     n1: 140576 0x10FC788: allocAdvancedWithRetAddr (Allocator.zig:254)
      n3: 140576 0x10FC788: mem.Allocator.alloc__anon_24193 (Allocator.zig:178)
       n6: 136640 0x110EAD9: Core.Tensor.tensor.Tensor(f32).fromShape (tensor.zig:244)
        n1: 78400 0x1111E12: Core.Tensor.TensorMath.op_convolution.im2col__anon_24788 (op_convolution.zig:1093)
         n1: 78400 0x1118085: Core.Tensor.TensorMath.op_convolution.convolve_tensor_with_bias__anon_24746 (op_convolution.zig:464)
          n1: 78400 0x112443B: Core.Tensor.TensorMath.op_convolution.OnnxConvLean__anon_24583 (op_convolution.zig:270)
           n1: 78400 0x10FD5BB: lib_mnist-8.predict (lib_mnist-8.zig:105)
            n1: 78400 0x10FCA81: main.main (main.zig:48)
             n1: 78400 0x110BD87: callMain (start.zig:656)
              n1: 78400 0x110BD87: callMainWithArgs (start.zig:616)
               n0: 78400 0x110BD87: main (start.zig:631)
        n1: 25088 0x1117E71: Core.Tensor.TensorMath.op_convolution.convolve_tensor_with_bias__anon_24746 (op_convolution.zig:450)
         n1: 25088 0x112443B: Core.Tensor.TensorMath.op_convolution.OnnxConvLean__anon_24583 (op_convolution.zig:270)
          n1: 25088 0x10FD5BB: lib_mnist-8.predict (lib_mnist-8.zig:105)
           n1: 25088 0x10FCA81: main.main (main.zig:48)
            n1: 25088 0x110BD87: callMain (start.zig:656)
             n1: 25088 0x110BD87: callMainWithArgs (start.zig:616)
              n0: 25088 0x110BD87: main (start.zig:631)
        n1: 25088 0x111F2FD: mat_mul (op_mat_mul.zig:94)
         n1: 25088 0x111F2FD: Core.Tensor.TensorMath.op_convolution.convolve_tensor_with_bias__anon_24746 (op_convolution.zig:536)
          n1: 25088 0x112443B: Core.Tensor.TensorMath.op_convolution.OnnxConvLean__anon_24583 (op_convolution.zig:270)
           n1: 25088 0x10FD5BB: lib_mnist-8.predict (lib_mnist-8.zig:105)
            n1: 25088 0x10FCA81: main.main (main.zig:48)
             n1: 25088 0x110BD87: callMain (start.zig:656)
              n1: 25088 0x110BD87: callMainWithArgs (start.zig:616)
               n0: 25088 0x110BD87: main (start.zig:631)
        n1: 4096 0x1123948: Core.Tensor.TensorMath.op_convolution.OnnxConvLean__anon_24583 (op_convolution.zig:225)
         n1: 4096 0x10FD5BB: lib_mnist-8.predict (lib_mnist-8.zig:105)
          n1: 4096 0x10FCA81: main.main (main.zig:48)
           n1: 4096 0x110BD87: callMain (start.zig:656)
            n1: 4096 0x110BD87: callMainWithArgs (start.zig:616)
             n0: 4096 0x110BD87: main (start.zig:631)
        n1: 3136 0x10FD35C: lib_mnist-8.predict (lib_mnist-8.zig:100)
         n1: 3136 0x10FCA81: main.main (main.zig:48)
          n1: 3136 0x110BD87: callMain (start.zig:656)
           n1: 3136 0x110BD87: callMainWithArgs (start.zig:616)
            n0: 3136 0x110BD87: main (start.zig:631)
        n0: 832 in 2 places, all below massif's threshold (1.00%)
       n1: 3136 0x10FD0A0: lib_mnist-8.predict (lib_mnist-8.zig:92)
        n1: 3136 0x10FCA81: main.main (main.zig:48)
         n1: 3136 0x110BD87: callMain (start.zig:656)
          n1: 3136 0x110BD87: callMainWithArgs (start.zig:616)
           n0: 3136 0x110BD87: main (start.zig:631)
       n0: 800 in 1 place, below massif's threshold (1.00%)
  n0: 216 in 1 place, below massif's threshold (1.00%)
#-----------
snapshot=20
#-----------
time=6978653
mem_heap_B=140792
mem_heap_extra_B=160
mem_stacks_B=0
heap_tree=detailed
n1: 140792 (heap allocation functions) malloc/new/new[], --alloc-fns, etc.
 n2: 140792 0x114507A: heap.rawCAlloc (heap.zig:296)
  n1: 140576 0x10FC0AA: rawAlloc (Allocator.zig:129)
   n1: 140576 0x10FC0AA: mem.Allocator.allocBytesWithAlignment__anon_23482 (Allocator.zig:269)
    n1: 140576 0x110E072: mem.Allocator.allocWithSizeAndAlignment__anon_24367 (Allocator.zig:260)
     n1: 140576 0x10FC788: allocAdvancedWithRetAddr (Allocator.zig:254)
      n3: 140576 0x10FC788: mem.Allocator.alloc__anon_24193 (Allocator.zig:178)
       n6: 136640 0x110EAD9: Core.Tensor.tensor.Tensor(f32).fromShape (tensor.zig:244)
        n1: 78400 0x1111E12: Core.Tensor.TensorMath.op_convolution.im2col__anon_24788 (op_convolution.zig:1093)
         n1: 78400 0x1118085: Core.Tensor.TensorMath.op_convolution.convolve_tensor_with_bias__anon_24746 (op_convolution.zig:464)
          n1: 78400 0x112443B: Core.Tensor.TensorMath.op_convolution.OnnxConvLean__anon_24583 (op_convolution.zig:270)
           n1: 78400 0x10FD5BB: lib_mnist-8.predict (lib_mnist-8.zig:105)
            n1: 78400 0x10FCA81: main.main (main.zig:48)
             n1: 78400 0x110BD87: callMain (start.zig:656)
              n1: 78400 0x110BD87: callMainWithArgs (start.zig:616)
               n0: 78400 0x110BD87: main (start.zig:631)
        n1: 25088 0x1117E71: Core.Tensor.TensorMath.op_convolution.convolve_tensor_with_bias__anon_24746 (op_convolution.zig:450)
         n1: 25088 0x112443B: Core.Tensor.TensorMath.op_convolution.OnnxConvLean__anon_24583 (op_convolution.zig:270)
          n1: 25088 0x10FD5BB: lib_mnist-8.predict (lib_mnist-8.zig:105)
           n1: 25088 0x10FCA81: main.main (main.zig:48)
            n1: 25088 0x110BD87: callMain (start.zig:656)
             n1: 25088 0x110BD87: callMainWithArgs (start.zig:616)
              n0: 25088 0x110BD87: main (start.zig:631)
        n1: 25088 0x111F2FD: mat_mul (op_mat_mul.zig:94)
         n1: 25088 0x111F2FD: Core.Tensor.TensorMath.op_convolution.convolve_tensor_with_bias__anon_24746 (op_convolution.zig:536)
          n1: 25088 0x112443B: Core.Tensor.TensorMath.op_convolution.OnnxConvLean__anon_24583 (op_convolution.zig:270)
           n1: 25088 0x10FD5BB: lib_mnist-8.predict (lib_mnist-8.zig:105)
            n1: 25088 0x10FCA81: main.main (main.zig:48)
             n1: 25088 0x110BD87: callMain (start.zig:656)
              n1: 25088 0x110BD87: callMainWithArgs (start.zig:616)
               n0: 25088 0x110BD87: main (start.zig:631)
        n1: 4096 0x1123948: Core.Tensor.TensorMath.op_convolution.OnnxConvLean__anon_24583 (op_convolution.zig:225)
         n1: 4096 0x10FD5BB: lib_mnist-8.predict (lib_mnist-8.zig:105)
          n1: 4096 0x10FCA81: main.main (main.zig:48)
           n1: 4096 0x110BD87: callMain (start.zig:656)
            n1: 4096 0x110BD87: callMainWithArgs (start.zig:616)
             n0: 4096 0x110BD87: main (start.zig:631)
        n1: 3136 0x10FD35C: lib_mnist-8.predict (lib_mnist-8.zig:100)
         n1: 3136 0x10FCA81: main.main (main.zig:48)
          n1: 3136 0x110BD87: callMain (start.zig:656)
           n1: 3136 0x110BD87: callMainWithArgs (start.zig:616)
            n0: 3136 0x110BD87: main (start.zig:631)
        n0: 832 in 2 places, all below massif's threshold (1.00%)
       n1: 3136 0x10FD0A0: lib_mnist-8.predict (lib_mnist-8.zig:92)
        n1: 3136 0x10FCA81: main.main (main.zig:48)
         n1: 3136 0x110BD87: callMain (start.zig:656)
          n1: 3136 0x110BD87: callMainWithArgs (start.zig:616)
           n0: 3136 0x110BD87: main (start.zig:631)
       n0: 800 in 1 place, below massif's threshold (1.00%)
  n0: 216 in 1 place, below massif's threshold (1.00%)
#-----------
snapshot=21
#-----------
time=6978653
mem_heap_B=140776
mem_heap_extra_B=152
mem_stacks_B=0
heap_tree=empty
#-----------
snapshot=22
#-----------
time=6979137
mem_heap_B=139976
mem_heap_extra_B=144
mem_stacks_B=0
heap_tree=empty
#-----------
snapshot=23
#-----------
time=6979469
mem_heap_B=139960
mem_heap_extra_B=136
mem_stacks_B=0
heap_tree=empty
#-----------
snapshot=24
#-----------
time=9947989
mem_heap_B=114872
mem_heap_extra_B=128
mem_stacks_B=0
heap_tree=empty
#-----------
snapshot=25
#-----------
time=9948321
mem_heap_B=114856
mem_heap_extra_B=120
mem_stacks_B=0
heap_tree=empty
#-----------
snapshot=26
#-----------
time=9948726
mem_heap_B=114056
mem_heap_extra_B=112
mem_stacks_B=0
heap_tree=empty
#-----------
snapshot=27
#-----------
time=9949058
mem_heap_B=114040
mem_heap_extra_B=104
mem_stacks_B=0
heap_tree=empty
#-----------
snapshot=28
#-----------
time=9953712
mem_heap_B=35640
mem_heap_extra_B=96
mem_stacks_B=0
heap_tree=empty
#-----------
snapshot=29
#-----------
time=9954044
mem_heap_B=35624
mem_heap_extra_B=88
mem_stacks_B=0
heap_tree=empty
#-----------
snapshot=30
#-----------
time=9954451
mem_heap_B=35592
mem_heap_extra_B=80
mem_stacks_B=0
heap_tree=detailed
n1: 35592 (heap allocation functions) malloc/new/new[], --alloc-fns, etc.
 n2: 35592 0x114507A: heap.rawCAlloc (heap.zig:296)
  n1: 35456 0x10FC0AA: rawAlloc (Allocator.zig:129)
   n1: 35456 0x10FC0AA: mem.Allocator.allocBytesWithAlignment__anon_23482 (Allocator.zig:269)
    n1: 35456 0x110E072: mem.Allocator.allocWithSizeAndAlignment__anon_24367 (Allocator.zig:260)
     n1: 35456 0x10FC788: allocAdvancedWithRetAddr (Allocator.zig:254)
      n3: 35456 0x10FC788: mem.Allocator.alloc__anon_24193 (Allocator.zig:178)
       n4: 32320 0x110EAD9: Core.Tensor.tensor.Tensor(f32).fromShape (tensor.zig:244)
        n1: 25088 0x1117E71: Core.Tensor.TensorMath.op_convolution.convolve_tensor_with_bias__anon_24746 (op_convolution.zig:450)
         n1: 25088 0x112443B: Core.Tensor.TensorMath.op_convolution.OnnxConvLean__anon_24583 (op_convolution.zig:270)
          n1: 25088 0x10FD5BB: lib_mnist-8.predict (lib_mnist-8.zig:105)
           n1: 25088 0x10FCA81: main.main (main.zig:48)
            n1: 25088 0x110BD87: callMain (start.zig:656)
             n1: 25088 0x110BD87: callMainWithArgs (start.zig:616)
              n0: 25088 0x110BD87: main (start.zig:631)
        n1: 4096 0x1123948: Core.Tensor.TensorMath.op_convolution.OnnxConvLean__anon_24583 (op_convolution.zig:225)
         n1: 4096 0x10FD5BB: lib_mnist-8.predict (lib_mnist-8.zig:105)
          n1: 4096 0x10FCA81: main.main (main.zig:48)
           n1: 4096 0x110BD87: callMain (start.zig:656)
            n1: 4096 0x110BD87: callMainWithArgs (start.zig:616)
             n0: 4096 0x110BD87: main (start.zig:631)
        n1: 3136 0x10FD35C: lib_mnist-8.predict (lib_mnist-8.zig:100)
         n1: 3136 0x10FCA81: main.main (main.zig:48)
          n1: 3136 0x110BD87: callMain (start.zig:656)
           n1: 3136 0x110BD87: callMainWithArgs (start.zig:616)
            n0: 3136 0x110BD87: main (start.zig:631)
        n0: 0 in 4 places, all below massif's threshold (1.00%)
       n1: 3136 0x10FD0A0: lib_mnist-8.predict (lib_mnist-8.zig:92)
        n1: 3136 0x10FCA81: main.main (main.zig:48)
         n1: 3136 0x110BD87: callMain (start.zig:656)
          n1: 3136 0x110BD87: callMainWithArgs (start.zig:616)
           n0: 3136 0x110BD87: main (start.zig:631)
       n0: 0 in 1 place, below massif's threshold (1.00%)
  n0: 136 in 1 place, below massif's threshold (1.00%)
#-----------
snapshot=31
#-----------
time=9954805
mem_heap_B=35584
mem_heap_extra_B=64
mem_stacks_B=0
heap_tree=empty
#-----------
snapshot=32
#-----------
time=9958926
mem_heap_B=10496
mem_heap_extra_B=56
mem_stacks_B=0
heap_tree=empty
#-----------
snapshot=33
#-----------
time=9959262
mem_heap_B=10464
mem_heap_extra_B=48
mem_stacks_B=0
heap_tree=empty
#-----------
snapshot=34
#-----------
time=9959828
mem_heap_B=6368
mem_heap_extra_B=40
mem_stacks_B=0
heap_tree=empty
#-----------
snapshot=35
#-----------
time=9960164
mem_heap_B=6336
mem_heap_extra_B=32
mem_stacks_B=0
heap_tree=empty
#-----------
snapshot=36
#-----------
time=15445302
mem_heap_B=6368
mem_heap_extra_B=40
mem_stacks_B=0
heap_tree=empty
#-----------
snapshot=37
#-----------
time=15445864
mem_heap_B=16736
mem_heap_extra_B=48
mem_stacks_B=0
heap_tree=empty
#-----------
snapshot=38
#-----------
time=16728112
mem_heap_B=16744
mem_heap_extra_B=64
mem_stacks_B=0
heap_tree=empty
#-----------
snapshot=39
#-----------
time=16728692
mem_heap_B=16808
mem_heap_extra_B=72
mem_stacks_B=0
heap_tree=empty
#-----------
snapshot=40
#-----------
time=16730037
mem_heap_B=16840
mem_heap_extra_B=80
mem_stacks_B=0
heap_tree=detailed
n1: 16840 (heap allocation functions) malloc/new/new[], --alloc-fns, etc.
 n2: 16840 0x114507A: heap.rawCAlloc (heap.zig:296)
  n1: 16704 0x10FC0AA: rawAlloc (Allocator.zig:129)
   n1: 16704 0x10FC0AA: mem.Allocator.allocBytesWithAlignment__anon_23482 (Allocator.zig:269)
    n1: 16704 0x110E072: mem.Allocator.allocWithSizeAndAlignment__anon_24367 (Allocator.zig:260)
     n1: 16704 0x10FC788: allocAdvancedWithRetAddr (Allocator.zig:254)
      n3: 16704 0x10FC788: mem.Allocator.alloc__anon_24193 (Allocator.zig:178)
       n3: 13568 0x110EAD9: Core.Tensor.tensor.Tensor(f32).fromShape (tensor.zig:244)
        n2: 10368 0x1123948: Core.Tensor.TensorMath.op_convolution.OnnxConvLean__anon_24583 (op_convolution.zig:225)
         n1: 10368 0x1101735: lib_mnist-8.predict (lib_mnist-8.zig:133)
          n1: 10368 0x10FCA81: main.main (main.zig:48)
           n1: 10368 0x110BD87: callMain (start.zig:656)
            n1: 10368 0x110BD87: callMainWithArgs (start.zig:616)
             n0: 10368 0x110BD87: main (start.zig:631)
         n0: 0 in 1 place, below massif's threshold (1.00%)
        n1: 3136 0x10FD35C: lib_mnist-8.predict (lib_mnist-8.zig:100)
         n1: 3136 0x10FCA81: main.main (main.zig:48)
          n1: 3136 0x110BD87: callMain (start.zig:656)
           n1: 3136 0x110BD87: callMainWithArgs (start.zig:616)
            n0: 3136 0x110BD87: main (start.zig:631)
        n0: 64 in 5 places, all below massif's threshold (1.00%)
       n1: 3136 0x10FD0A0: lib_mnist-8.predict (lib_mnist-8.zig:92)
        n1: 3136 0x10FCA81: main.main (main.zig:48)
         n1: 3136 0x110BD87: callMain (start.zig:656)
          n1: 3136 0x110BD87: callMainWithArgs (start.zig:616)
           n0: 3136 0x110BD87: main (start.zig:631)
       n0: 0 in 1 place, below massif's threshold (1.00%)
  n0: 136 in 1 place, below massif's threshold (1.00%)
#-----------
snapshot=41
#-----------
time=16730599
mem_heap_B=29384
mem_heap_extra_B=88
mem_stacks_B=0
heap_tree=empty
#-----------
snapshot=42
#-----------
time=16732992
mem_heap_B=29400
mem_heap_extra_B=96
mem_stacks_B=0
heap_tree=empty
#-----------
snapshot=43
#-----------
time=16733550
mem_heap_B=186200
mem_heap_extra_B=104
mem_stacks_B=0
heap_tree=empty
#-----------
snapshot=44
#-----------
time=20497177
mem_heap_B=186216
mem_heap_extra_B=112
mem_stacks_B=0
heap_tree=empty
#-----------
snapshot=45
#-----------
time=20497735
mem_heap_B=199016
mem_heap_extra_B=120
mem_stacks_B=0
heap_tree=empty
#-----------
snapshot=46
#-----------
time=21300349
mem_heap_B=199032
mem_heap_extra_B=128
mem_stacks_B=0
heap_tree=empty
#-----------
snapshot=47
#-----------
time=21300878
mem_heap_B=211832
mem_heap_extra_B=136
mem_stacks_B=0
heap_tree=empty
#-----------
snapshot=48
#-----------
time=21510665
mem_heap_B=211848
mem_heap_extra_B=144
mem_stacks_B=0
heap_tree=empty
#-----------
snapshot=49
#-----------
time=21511342
mem_heap_B=211864
mem_heap_extra_B=152
mem_stacks_B=0
heap_tree=empty
#-----------
snapshot=50
#-----------
time=21511900
mem_heap_B=224408
mem_heap_extra_B=160
mem_stacks_B=0
heap_tree=detailed
n1: 224408 (heap allocation functions) malloc/new/new[], --alloc-fns, etc.
 n2: 224408 0x114507A: heap.rawCAlloc (heap.zig:296)
  n1: 224192 0x10FC0AA: rawAlloc (Allocator.zig:129)
   n1: 224192 0x10FC0AA: mem.Allocator.allocBytesWithAlignment__anon_23482 (Allocator.zig:269)
    n1: 224192 0x110E072: mem.Allocator.allocWithSizeAndAlignment__anon_24367 (Allocator.zig:260)
     n1: 224192 0x10FC788: allocAdvancedWithRetAddr (Allocator.zig:254)
      n3: 224192 0x10FC788: mem.Allocator.alloc__anon_24193 (Allocator.zig:178)
       n7: 208256 0x110EAD9: Core.Tensor.tensor.Tensor(f32).fromShape (tensor.zig:244)
        n1: 156800 0x1111E12: Core.Tensor.TensorMath.op_convolution.im2col__anon_24788 (op_convolution.zig:1093)
         n1: 156800 0x1118085: Core.Tensor.TensorMath.op_convolution.convolve_tensor_with_bias__anon_24746 (op_convolution.zig:464)
          n2: 156800 0x112443B: Core.Tensor.TensorMath.op_convolution.OnnxConvLean__anon_24583 (op_convolution.zig:270)
           n1: 156800 0x1101735: lib_mnist-8.predict (lib_mnist-8.zig:133)
            n1: 156800 0x10FCA81: main.main (main.zig:48)
             n1: 156800 0x110BD87: callMain (start.zig:656)
              n1: 156800 0x110BD87: callMainWithArgs (start.zig:616)
               n0: 156800 0x110BD87: main (start.zig:631)
           n0: 0 in 1 place, below massif's threshold (1.00%)
        n1: 12800 0x1118250: Core.Tensor.TensorMath.op_convolution.convolve_tensor_with_bias__anon_24746 (op_convolution.zig:487)
         n2: 12800 0x112443B: Core.Tensor.TensorMath.op_convolution.OnnxConvLean__anon_24583 (op_convolution.zig:270)
          n1: 12800 0x1101735: lib_mnist-8.predict (lib_mnist-8.zig:133)
           n1: 12800 0x10FCA81: main.main (main.zig:48)
            n1: 12800 0x110BD87: callMain (start.zig:656)
             n1: 12800 0x110BD87: callMainWithArgs (start.zig:616)
              n0: 12800 0x110BD87: main (start.zig:631)
          n0: 0 in 1 place, below massif's threshold (1.00%)
        n1: 12544 0x1117E71: Core.Tensor.TensorMath.op_convolution.convolve_tensor_with_bias__anon_24746 (op_convolution.zig:450)
         n2: 12544 0x112443B: Core.Tensor.TensorMath.op_convolution.OnnxConvLean__anon_24583 (op_convolution.zig:270)
          n1: 12544 0x1101735: lib_mnist-8.predict (lib_mnist-8.zig:133)
           n1: 12544 0x10FCA81: main.main (main.zig:48)
            n1: 12544 0x110BD87: callMain (start.zig:656)
             n1: 12544 0x110BD87: callMainWithArgs (start.zig:616)
              n0: 12544 0x110BD87: main (start.zig:631)
          n0: 0 in 1 place, below massif's threshold (1.00%)
        n1: 12544 0x111F2FD: mat_mul (op_mat_mul.zig:94)
         n1: 12544 0x111F2FD: Core.Tensor.TensorMath.op_convolution.convolve_tensor_with_bias__anon_24746 (op_convolution.zig:536)
          n2: 12544 0x112443B: Core.Tensor.TensorMath.op_convolution.OnnxConvLean__anon_24583 (op_convolution.zig:270)
           n1: 12544 0x1101735: lib_mnist-8.predict (lib_mnist-8.zig:133)
            n1: 12544 0x10FCA81: main.main (main.zig:48)
             n1: 12544 0x110BD87: callMain (start.zig:656)
              n1: 12544 0x110BD87: callMainWithArgs (start.zig:616)
               n0: 12544 0x110BD87: main (start.zig:631)
           n0: 0 in 1 place, below massif's threshold (1.00%)
        n2: 10368 0x1123948: Core.Tensor.TensorMath.op_convolution.OnnxConvLean__anon_24583 (op_convolution.zig:225)
         n1: 10368 0x1101735: lib_mnist-8.predict (lib_mnist-8.zig:133)
          n1: 10368 0x10FCA81: main.main (main.zig:48)
           n1: 10368 0x110BD87: callMain (start.zig:656)
            n1: 10368 0x110BD87: callMainWithArgs (start.zig:616)
             n0: 10368 0x110BD87: main (start.zig:631)
         n0: 0 in 1 place, below massif's threshold (1.00%)
        n1: 3136 0x10FD35C: lib_mnist-8.predict (lib_mnist-8.zig:100)
         n1: 3136 0x10FCA81: main.main (main.zig:48)
          n1: 3136 0x110BD87: callMain (start.zig:656)
           n1: 3136 0x110BD87: callMainWithArgs (start.zig:616)
            n0: 3136 0x110BD87: main (start.zig:631)
        n0: 64 in 1 place, below massif's threshold (1.00%)
       n1: 12800 0x11156D0: Core.Tensor.TensorMath.lib_shape_math.op_transpose.transposeLastTwo__anon_24866 (op_transpose.zig:142)
        n1: 12800 0x11187BA: Core.Tensor.TensorMath.op_convolution.convolve_tensor_with_bias__anon_24746 (op_convolution.zig:522)
         n2: 12800 0x112443B: Core.Tensor.TensorMath.op_convolution.OnnxConvLean__anon_24583 (op_convolution.zig:270)
          n1: 12800 0x1101735: lib_mnist-8.predict (lib_mnist-8.zig:133)
           n1: 12800 0x10FCA81: main.main (main.zig:48)
            n1: 12800 0x110BD87: callMain (start.zig:656)
             n1: 12800 0x110BD87: callMainWithArgs (start.zig:616)
              n0: 12800 0x110BD87: main (start.zig:631)
          n0: 0 in 1 place, below massif's threshold (1.00%)
       n1: 3136 0x10FD0A0: lib_mnist-8.predict (lib_mnist-8.zig:92)
        n1: 3136 0x10FCA81: main.main (main.zig:48)
         n1: 3136 0x110BD87: callMain (start.zig:656)
          n1: 3136 0x110BD87: callMainWithArgs (start.zig:616)
           n0: 3136 0x110BD87: main (start.zig:631)
  n0: 216 in 1 place, below massif's threshold (1.00%)
#-----------
snapshot=51
#-----------
time=36777818
mem_heap_B=224408
mem_heap_extra_B=160
mem_stacks_B=0
heap_tree=peak
n1: 224408 (heap allocation functions) malloc/new/new[], --alloc-fns, etc.
 n2: 224408 0x114507A: heap.rawCAlloc (heap.zig:296)
  n1: 224192 0x10FC0AA: rawAlloc (Allocator.zig:129)
   n1: 224192 0x10FC0AA: mem.Allocator.allocBytesWithAlignment__anon_23482 (Allocator.zig:269)
    n1: 224192 0x110E072: mem.Allocator.allocWithSizeAndAlignment__anon_24367 (Allocator.zig:260)
     n1: 224192 0x10FC788: allocAdvancedWithRetAddr (Allocator.zig:254)
      n3: 224192 0x10FC788: mem.Allocator.alloc__anon_24193 (Allocator.zig:178)
       n7: 208256 0x110EAD9: Core.Tensor.tensor.Tensor(f32).fromShape (tensor.zig:244)
        n1: 156800 0x1111E12: Core.Tensor.TensorMath.op_convolution.im2col__anon_24788 (op_convolution.zig:1093)
         n1: 156800 0x1118085: Core.Tensor.TensorMath.op_convolution.convolve_tensor_with_bias__anon_24746 (op_convolution.zig:464)
          n2: 156800 0x112443B: Core.Tensor.TensorMath.op_convolution.OnnxConvLean__anon_24583 (op_convolution.zig:270)
           n1: 156800 0x1101735: lib_mnist-8.predict (lib_mnist-8.zig:133)
            n1: 156800 0x10FCA81: main.main (main.zig:48)
             n1: 156800 0x110BD87: callMain (start.zig:656)
              n1: 156800 0x110BD87: callMainWithArgs (start.zig:616)
               n0: 156800 0x110BD87: main (start.zig:631)
           n0: 0 in 1 place, below massif's threshold (1.00%)
        n1: 12800 0x1118250: Core.Tensor.TensorMath.op_convolution.convolve_tensor_with_bias__anon_24746 (op_convolution.zig:487)
         n2: 12800 0x112443B: Core.Tensor.TensorMath.op_convolution.OnnxConvLean__anon_24583 (op_convolution.zig:270)
          n1: 12800 0x1101735: lib_mnist-8.predict (lib_mnist-8.zig:133)
           n1: 12800 0x10FCA81: main.main (main.zig:48)
            n1: 12800 0x110BD87: callMain (start.zig:656)
             n1: 12800 0x110BD87: callMainWithArgs (start.zig:616)
              n0: 12800 0x110BD87: main (start.zig:631)
          n0: 0 in 1 place, below massif's threshold (1.00%)
        n1: 12544 0x1117E71: Core.Tensor.TensorMath.op_convolution.convolve_tensor_with_bias__anon_24746 (op_convolution.zig:450)
         n2: 12544 0x112443B: Core.Tensor.TensorMath.op_convolution.OnnxConvLean__anon_24583 (op_convolution.zig:270)
          n1: 12544 0x1101735: lib_mnist-8.predict (lib_mnist-8.zig:133)
           n1: 12544 0x10FCA81: main.main (main.zig:48)
            n1: 12544 0x110BD87: callMain (start.zig:656)
             n1: 12544 0x110BD87: callMainWithArgs (start.zig:616)
              n0: 12544 0x110BD87: main (start.zig:631)
          n0: 0 in 1 place, below massif's threshold (1.00%)
        n1: 12544 0x111F2FD: mat_mul (op_mat_mul.zig:94)
         n1: 12544 0x111F2FD: Core.Tensor.TensorMath.op_convolution.convolve_tensor_with_bias__anon_24746 (op_convolution.zig:536)
          n2: 12544 0x112443B: Core.Tensor.TensorMath.op_convolution.OnnxConvLean__anon_24583 (op_convolution.zig:270)
           n1: 12544 0x1101735: lib_mnist-8.predict (lib_mnist-8.zig:133)
            n1: 12544 0x10FCA81: main.main (main.zig:48)
             n1: 12544 0x110BD87: callMain (start.zig:656)
              n1: 12544 0x110BD87: callMainWithArgs (start.zig:616)
               n0: 12544 0x110BD87: main (start.zig:631)
           n0: 0 in 1 place, below massif's threshold (1.00%)
        n2: 10368 0x1123948: Core.Tensor.TensorMath.op_convolution.OnnxConvLean__anon_24583 (op_convolution.zig:225)
         n1: 10368 0x1101735: lib_mnist-8.predict (lib_mnist-8.zig:133)
          n1: 10368 0x10FCA81: main.main (main.zig:48)
           n1: 10368 0x110BD87: callMain (start.zig:656)
            n1: 10368 0x110BD87: callMainWithArgs (start.zig:616)
             n0: 10368 0x110BD87: main (start.zig:631)
         n0: 0 in 1 place, below massif's threshold (1.00%)
        n1: 3136 0x10FD35C: lib_mnist-8.predict (lib_mnist-8.zig:100)
         n1: 3136 0x10FCA81: main.main (main.zig:48)
          n1: 3136 0x110BD87: callMain (start.zig:656)
           n1: 3136 0x110BD87: callMainWithArgs (start.zig:616)
            n0: 3136 0x110BD87: main (start.zig:631)
        n0: 64 in 1 place, below massif's threshold (1.00%)
       n1: 12800 0x11156D0: Core.Tensor.TensorMath.lib_shape_math.op_transpose.transposeLastTwo__anon_24866 (op_transpose.zig:142)
        n1: 12800 0x11187BA: Core.Tensor.TensorMath.op_convolution.convolve_tensor_with_bias__anon_24746 (op_convolution.zig:522)
         n2: 12800 0x112443B: Core.Tensor.TensorMath.op_convolution.OnnxConvLean__anon_24583 (op_convolution.zig:270)
          n1: 12800 0x1101735: lib_mnist-8.predict (lib_mnist-8.zig:133)
           n1: 12800 0x10FCA81: main.main (main.zig:48)
            n1: 12800 0x110BD87: callMain (start.zig:656)
             n1: 12800 0x110BD87: callMainWithArgs (start.zig:616)
              n0: 12800 0x110BD87: main (start.zig:631)
          n0: 0 in 1 place, below massif's threshold (1.00%)
       n1: 3136 0x10FD0A0: lib_mnist-8.predict (lib_mnist-8.zig:92)
        n1: 3136 0x10FCA81: main.main (main.zig:48)
         n1: 3136 0x110BD87: callMain (start.zig:656)
          n1: 3136 0x110BD87: callMainWithArgs (start.zig:616)
           n0: 3136 0x110BD87: main (start.zig:631)
  n0: 216 in 1 place, below massif's threshold (1.00%)
#-----------
snapshot=52
#-----------
time=36777818
mem_heap_B=224392
mem_heap_extra_B=152
mem_stacks_B=0
heap_tree=empty
#-----------
snapshot=53
#-----------
time=36778940
mem_heap_B=211592
mem_heap_extra_B=144
mem_stacks_B=0
heap_tree=empty
#-----------
snapshot=54
#-----------
time=36779272
mem_heap_B=211576
mem_heap_extra_B=136
mem_stacks_B=0
heap_tree=empty
#-----------
snapshot=55
#-----------
time=38268570
mem_heap_B=199032
mem_heap_extra_B=128
mem_stacks_B=0
heap_tree=empty
#-----------
snapshot=56
#-----------
time=38268902
mem_heap_B=199016
mem_heap_extra_B=120
mem_stacks_B=0
heap_tree=empty
#-----------
snapshot=57
#-----------
time=38269945
mem_heap_B=186216
mem_heap_extra_B=112
mem_stacks_B=0
heap_tree=empty
#-----------
snapshot=58
#-----------
time=38270277
mem_heap_B=186200
mem_heap_extra_B=104
mem_stacks_B=0
heap_tree=empty
#-----------
snapshot=59
#-----------
time=38279194
mem_heap_B=29400
mem_heap_extra_B=96
mem_stacks_B=0
heap_tree=empty
#-----------
snapshot=60
#-----------
time=38279526
mem_heap_B=29384
mem_heap_extra_B=88
mem_stacks_B=0
heap_tree=empty
#-----------
snapshot=61
#-----------
time=38279941
mem_heap_B=29320
mem_heap_extra_B=80
mem_stacks_B=0
heap_tree=detailed
n1: 29320 (heap allocation functions) malloc/new/new[], --alloc-fns, etc.
 n2: 29320 0x114507A: heap.rawCAlloc (heap.zig:296)
  n1: 29184 0x10FC0AA: rawAlloc (Allocator.zig:129)
   n1: 29184 0x10FC0AA: mem.Allocator.allocBytesWithAlignment__anon_23482 (Allocator.zig:269)
    n1: 29184 0x110E072: mem.Allocator.allocWithSizeAndAlignment__anon_24367 (Allocator.zig:260)
     n1: 29184 0x10FC788: allocAdvancedWithRetAddr (Allocator.zig:254)
      n3: 29184 0x10FC788: mem.Allocator.alloc__anon_24193 (Allocator.zig:178)
       n4: 26048 0x110EAD9: Core.Tensor.tensor.Tensor(f32).fromShape (tensor.zig:244)
        n1: 12544 0x1117E71: Core.Tensor.TensorMath.op_convolution.convolve_tensor_with_bias__anon_24746 (op_convolution.zig:450)
         n2: 12544 0x112443B: Core.Tensor.TensorMath.op_convolution.OnnxConvLean__anon_24583 (op_convolution.zig:270)
          n1: 12544 0x1101735: lib_mnist-8.predict (lib_mnist-8.zig:133)
           n1: 12544 0x10FCA81: main.main (main.zig:48)
            n1: 12544 0x110BD87: callMain (start.zig:656)
             n1: 12544 0x110BD87: callMainWithArgs (start.zig:616)
              n0: 12544 0x110BD87: main (start.zig:631)
          n0: 0 in 1 place, below massif's threshold (1.00%)
        n2: 10368 0x1123948: Core.Tensor.TensorMath.op_convolution.OnnxConvLean__anon_24583 (op_convolution.zig:225)
         n1: 10368 0x1101735: lib_mnist-8.predict (lib_mnist-8.zig:133)
          n1: 10368 0x10FCA81: main.main (main.zig:48)
           n1: 10368 0x110BD87: callMain (start.zig:656)
            n1: 10368 0x110BD87: callMainWithArgs (start.zig:616)
             n0: 10368 0x110BD87: main (start.zig:631)
         n0: 0 in 1 place, below massif's threshold (1.00%)
        n1: 3136 0x10FD35C: lib_mnist-8.predict (lib_mnist-8.zig:100)
         n1: 3136 0x10FCA81: main.main (main.zig:48)
          n1: 3136 0x110BD87: callMain (start.zig:656)
           n1: 3136 0x110BD87: callMainWithArgs (start.zig:616)
            n0: 3136 0x110BD87: main (start.zig:631)
        n0: 0 in 4 places, all below massif's threshold (1.00%)
       n1: 3136 0x10FD0A0: lib_mnist-8.predict (lib_mnist-8.zig:92)
        n1: 3136 0x10FCA81: main.main (main.zig:48)
         n1: 3136 0x110BD87: callMain (start.zig:656)
          n1: 3136 0x110BD87: callMainWithArgs (start.zig:616)
           n0: 3136 0x110BD87: main (start.zig:631)
       n0: 0 in 1 place, below massif's threshold (1.00%)
  n0: 136 in 1 place, below massif's threshold (1.00%)
#-----------
snapshot=62
#-----------
time=38280295
mem_heap_B=29312
mem_heap_extra_B=64
mem_stacks_B=0
heap_tree=empty
#-----------
snapshot=63
#-----------
time=38282750
mem_heap_B=16768
mem_heap_extra_B=56
mem_stacks_B=0
heap_tree=empty
#-----------
snapshot=64
#-----------
time=38283086
mem_heap_B=16736
mem_heap_extra_B=48
mem_stacks_B=0
heap_tree=empty
#-----------
snapshot=65
#-----------
time=38283995
mem_heap_B=6368
mem_heap_extra_B=40
mem_stacks_B=0
heap_tree=empty
#-----------
snapshot=66
#-----------
time=38284331
mem_heap_B=6336
mem_heap_extra_B=32
mem_stacks_B=0
heap_tree=empty
#-----------
snapshot=67
#-----------
time=40812932
mem_heap_B=6352
mem_heap_extra_B=40
mem_stacks_B=0
heap_tree=empty
#-----------
snapshot=68
#-----------
time=40813540
mem_heap_B=6368
mem_heap_extra_B=48
mem_stacks_B=0
heap_tree=empty
#-----------
snapshot=69
#-----------
time=40814528
mem_heap_B=6352
mem_heap_extra_B=40
mem_stacks_B=0
heap_tree=empty
#-----------
snapshot=70
#-----------
time=40814894
mem_heap_B=6368
mem_heap_extra_B=48
mem_stacks_B=0
heap_tree=empty
#-----------
snapshot=71
#-----------
time=40815502
mem_heap_B=6384
mem_heap_extra_B=56
mem_stacks_B=0
heap_tree=detailed
n1: 6384 (heap allocation functions) malloc/new/new[], --alloc-fns, etc.
 n2: 6384 0x114507A: heap.rawCAlloc (heap.zig:296)
  n1: 6272 0x10FC0AA: rawAlloc (Allocator.zig:129)
   n1: 6272 0x10FC0AA: mem.Allocator.allocBytesWithAlignment__anon_23482 (Allocator.zig:269)
    n1: 6272 0x110E072: mem.Allocator.allocWithSizeAndAlignment__anon_24367 (Allocator.zig:260)
     n1: 6272 0x10FC788: allocAdvancedWithRetAddr (Allocator.zig:254)
      n3: 6272 0x10FC788: mem.Allocator.alloc__anon_24193 (Allocator.zig:178)
       n1: 3136 0x10FD0A0: lib_mnist-8.predict (lib_mnist-8.zig:92)
        n1: 3136 0x10FCA81: main.main (main.zig:48)
         n1: 3136 0x110BD87: callMain (start.zig:656)
          n1: 3136 0x110BD87: callMainWithArgs (start.zig:616)
           n0: 3136 0x110BD87: main (start.zig:631)
       n2: 3136 0x110EAD9: Core.Tensor.tensor.Tensor(f32).fromShape (tensor.zig:244)
        n1: 3136 0x10FD35C: lib_mnist-8.predict (lib_mnist-8.zig:100)
         n1: 3136 0x10FCA81: main.main (main.zig:48)
          n1: 3136 0x110BD87: callMain (start.zig:656)
           n1: 3136 0x110BD87: callMainWithArgs (start.zig:616)
            n0: 3136 0x110BD87: main (start.zig:631)
        n0: 0 in 6 places, all below massif's threshold (1.00%)
       n0: 0 in 1 place, below massif's threshold (1.00%)
  n1: 112 0x107EEEA: rawAlloc (Allocator.zig:129)
   n1: 112 0x107EEEA: mem.Allocator.allocBytesWithAlignment__anon_9631 (Allocator.zig:269)
    n2: 112 0x112AB72: mem.Allocator.allocWithSizeAndAlignment__anon_28198 (Allocator.zig:260)
     n1: 80 0x110E718: allocAdvancedWithRetAddr (Allocator.zig:254)
      n1: 80 0x110E718: mem.Allocator.alloc__anon_24429 (Allocator.zig:178)
       n0: 80 in 5 places, all below massif's threshold (1.00%)
     n0: 32 in 1 place, below massif's threshold (1.00%)
#-----------
snapshot=72
#-----------
time=40817210
mem_heap_B=6368
mem_heap_extra_B=48
mem_stacks_B=0
heap_tree=empty
#-----------
snapshot=73
#-----------
time=40907629
mem_heap_B=6352
mem_heap_extra_B=40
mem_stacks_B=0
heap_tree=empty
#-----------
snapshot=74
#-----------
time=40907949
mem_heap_B=6336
mem_heap_extra_B=32
mem_stacks_B=0
heap_tree=empty
#-----------
snapshot=75
#-----------
time=40908475
mem_heap_B=3200
mem_heap_extra_B=24
mem_stacks_B=0
heap_tree=empty
#-----------
snapshot=76
#-----------
time=40908811
mem_heap_B=3168
mem_heap_extra_B=16
mem_stacks_B=0
heap_tree=empty
#-----------
snapshot=77
#-----------
time=40909147
mem_heap_B=3136
mem_heap_extra_B=8
mem_stacks_B=0
heap_tree=empty
#-----------
snapshot=78
#-----------
time=40909655
mem_heap_B=0
mem_heap_extra_B=0
mem_stacks_B=0
heap_tree=empty
