desc: --stacks=yes --massif-out-file=massifIm2Col.out --time-unit=i --detailed-freq=100 --max-snapshots=100
cmd: zig-out/bin/Main
time_unit: i
#-----------
snapshot=0
#-----------
time=0
mem_heap_B=0
mem_heap_extra_B=0
mem_stacks_B=0
heap_tree=empty
#-----------
snapshot=1
#-----------
time=2574329
mem_heap_B=114140
mem_heap_extra_B=124
mem_stacks_B=28400
heap_tree=empty
#-----------
snapshot=2
#-----------
time=6469403
mem_heap_B=139976
mem_heap_extra_B=144
mem_stacks_B=26776
heap_tree=empty
#-----------
snapshot=3
#-----------
time=9316738
mem_heap_B=139960
mem_heap_extra_B=136
mem_stacks_B=26912
heap_tree=empty
#-----------
snapshot=4
#-----------
time=15242794
mem_heap_B=6336
mem_heap_extra_B=32
mem_stacks_B=19544
heap_tree=empty
#-----------
snapshot=5
#-----------
time=19442794
mem_heap_B=6336
mem_heap_extra_B=32
mem_stacks_B=19544
heap_tree=empty
#-----------
snapshot=6
#-----------
time=23699719
mem_heap_B=187000
mem_heap_extra_B=112
mem_stacks_B=28400
heap_tree=empty
#-----------
snapshot=7
#-----------
time=26679780
mem_heap_B=187000
mem_heap_extra_B=112
mem_stacks_B=28400
heap_tree=empty
#-----------
snapshot=8
#-----------
time=30281603
mem_heap_B=211592
mem_heap_extra_B=144
mem_stacks_B=28112
heap_tree=peak
n1: 211592 (heap allocation functions) malloc/new/new[], --alloc-fns, etc.
 n2: 211592 0x105FB12: heap.rawCAlloc (heap.zig:188)
  n1: 211392 0x109507C: rawAlloc (Allocator.zig:86)
   n1: 211392 0x109507C: mem.Allocator.allocBytesWithAlignment__anon_8746 (Allocator.zig:225)
    n1: 211392 0x105FC4A: mem.Allocator.allocWithSizeAndAlignment__anon_4770 (Allocator.zig:211)
     n1: 211392 0x10528A8: allocAdvancedWithRetAddr (Allocator.zig:205)
      n3: 211392 0x10528A8: mem.Allocator.alloc__anon_4105 (Allocator.zig:129)
       n7: 208256 0x10526AE: tensor.Tensor(f32).fromShape (tensor.zig:116)
        n1: 156800 0x10557C3: op_convolution.im2col__anon_4313 (op_convolution.zig:858)
         n1: 156800 0x10572CD: op_convolution.convolve_tensor_with_bias__anon_4312 (op_convolution.zig:335)
          n2: 156800 0x105B64C: op_convolution.OnnxConvLean__anon_4307 (op_convolution.zig:175)
           n1: 156800 0x104593F: predict (static_lib_mnist_hard.zig:228)
            n1: 156800 0x103FD10: main.main (main.zig:63)
             n1: 156800 0x10508E0: callMain (start.zig:524)
              n1: 156800 0x10508E0: callMainWithArgs (start.zig:482)
               n0: 156800 0x10508E0: main (start.zig:497)
           n0: 0 in 1 place, below massif's threshold (1.00%)
        n1: 12800 0x10576EE: op_convolution.convolve_tensor_with_bias__anon_4312 (op_convolution.zig:343)
         n2: 12800 0x105B64C: op_convolution.OnnxConvLean__anon_4307 (op_convolution.zig:175)
          n1: 12800 0x104593F: predict (static_lib_mnist_hard.zig:228)
           n1: 12800 0x103FD10: main.main (main.zig:63)
            n1: 12800 0x10508E0: callMain (start.zig:524)
             n1: 12800 0x10508E0: callMainWithArgs (start.zig:482)
              n0: 12800 0x10508E0: main (start.zig:497)
          n0: 0 in 1 place, below massif's threshold (1.00%)
        n1: 12544 0x1056FFE: op_convolution.convolve_tensor_with_bias__anon_4312 (op_convolution.zig:328)
         n2: 12544 0x105B64C: op_convolution.OnnxConvLean__anon_4307 (op_convolution.zig:175)
          n1: 12544 0x104593F: predict (static_lib_mnist_hard.zig:228)
           n1: 12544 0x103FD10: main.main (main.zig:63)
            n1: 12544 0x10508E0: callMain (start.zig:524)
             n1: 12544 0x10508E0: callMainWithArgs (start.zig:482)
              n0: 12544 0x10508E0: main (start.zig:497)
          n0: 0 in 1 place, below massif's threshold (1.00%)
        n1: 12544 0x10583FE: mat_mul (op_mat_mul.zig:74)
         n1: 12544 0x10583FE: op_convolution.convolve_tensor_with_bias__anon_4312 (op_convolution.zig:357)
          n2: 12544 0x105B64C: op_convolution.OnnxConvLean__anon_4307 (op_convolution.zig:175)
           n1: 12544 0x104593F: predict (static_lib_mnist_hard.zig:228)
            n1: 12544 0x103FD10: main.main (main.zig:63)
             n1: 12544 0x10508E0: callMain (start.zig:524)
              n1: 12544 0x10508E0: callMainWithArgs (start.zig:482)
               n0: 12544 0x10508E0: main (start.zig:497)
           n0: 0 in 1 place, below massif's threshold (1.00%)
        n2: 10368 0x105AE20: op_convolution.OnnxConvLean__anon_4307 (op_convolution.zig:139)
         n1: 10368 0x104593F: predict (static_lib_mnist_hard.zig:228)
          n1: 10368 0x103FD10: main.main (main.zig:63)
           n1: 10368 0x10508E0: callMain (start.zig:524)
            n1: 10368 0x10508E0: callMainWithArgs (start.zig:482)
             n0: 10368 0x10508E0: main (start.zig:497)
         n0: 0 in 1 place, below massif's threshold (1.00%)
        n1: 3136 0x10408B1: predict (static_lib_mnist_hard.zig:171)
         n1: 3136 0x103FD10: main.main (main.zig:63)
          n1: 3136 0x10508E0: callMain (start.zig:524)
           n1: 3136 0x10508E0: callMainWithArgs (start.zig:482)
            n0: 3136 0x10508E0: main (start.zig:497)
        n0: 64 in 1 place, below massif's threshold (1.00%)
       n1: 3136 0x10405F9: predict (static_lib_mnist_hard.zig:163)
        n1: 3136 0x103FD10: main.main (main.zig:63)
         n1: 3136 0x10508E0: callMain (start.zig:524)
          n1: 3136 0x10508E0: callMainWithArgs (start.zig:482)
           n0: 3136 0x10508E0: main (start.zig:497)
       n0: 0 in 2 places, all below massif's threshold (1.00%)
  n0: 200 in 1 place, below massif's threshold (1.00%)
#-----------
snapshot=9
#-----------
time=32921764
mem_heap_B=211592
mem_heap_extra_B=144
mem_stacks_B=26776
heap_tree=empty
#-----------
snapshot=10
#-----------
time=36552319
mem_heap_B=211592
mem_heap_extra_B=144
mem_stacks_B=26776
heap_tree=empty
#-----------
snapshot=11
#-----------
time=40512685
mem_heap_B=211592
mem_heap_extra_B=144
mem_stacks_B=26776
heap_tree=empty
#-----------
snapshot=12
#-----------
time=45112387
mem_heap_B=211592
mem_heap_extra_B=144
mem_stacks_B=26768
heap_tree=empty
#-----------
snapshot=13
#-----------
time=48256076
mem_heap_B=211576
mem_heap_extra_B=136
mem_stacks_B=26928
heap_tree=empty
#-----------
snapshot=14
#-----------
time=51934493
mem_heap_B=6336
mem_heap_extra_B=32
mem_stacks_B=19576
heap_tree=empty
#-----------
snapshot=15
#-----------
time=56667591
mem_heap_B=139976
mem_heap_extra_B=144
mem_stacks_B=26776
heap_tree=empty
#-----------
snapshot=16
#-----------
time=60858583
mem_heap_B=139960
mem_heap_extra_B=136
mem_stacks_B=26912
heap_tree=empty
#-----------
snapshot=17
#-----------
time=62954570
mem_heap_B=139960
mem_heap_extra_B=136
mem_stacks_B=26912
heap_tree=empty
#-----------
snapshot=18
#-----------
time=67146153
mem_heap_B=6336
mem_heap_extra_B=32
mem_stacks_B=19688
heap_tree=empty
#-----------
snapshot=19
#-----------
time=70398120
mem_heap_B=6336
mem_heap_extra_B=32
mem_stacks_B=19544
heap_tree=empty
#-----------
snapshot=20
#-----------
time=75701445
mem_heap_B=187000
mem_heap_extra_B=112
mem_stacks_B=28400
heap_tree=empty
#-----------
snapshot=21
#-----------
time=79072829
mem_heap_B=187000
mem_heap_extra_B=112
mem_stacks_B=28400
heap_tree=empty
#-----------
snapshot=22
#-----------
time=83278742
mem_heap_B=211592
mem_heap_extra_B=144
mem_stacks_B=26776
heap_tree=empty
#-----------
snapshot=23
#-----------
time=86639021
mem_heap_B=211592
mem_heap_extra_B=144
mem_stacks_B=26776
heap_tree=empty
#-----------
snapshot=24
#-----------
time=89999300
mem_heap_B=211592
mem_heap_extra_B=144
mem_stacks_B=26776
heap_tree=empty
#-----------
snapshot=25
#-----------
time=93359579
mem_heap_B=211592
mem_heap_extra_B=144
mem_stacks_B=26776
heap_tree=empty
#-----------
snapshot=26
#-----------
time=96719732
mem_heap_B=211592
mem_heap_extra_B=144
mem_stacks_B=26768
heap_tree=empty
#-----------
snapshot=27
#-----------
time=102601279
mem_heap_B=6336
mem_heap_extra_B=32
mem_stacks_B=19544
heap_tree=empty
#-----------
snapshot=28
#-----------
time=106806963
mem_heap_B=114140
mem_heap_extra_B=124
mem_stacks_B=28400
heap_tree=empty
#-----------
snapshot=29
#-----------
time=111008923
mem_heap_B=139976
mem_heap_extra_B=144
mem_stacks_B=26776
heap_tree=empty
#-----------
snapshot=30
#-----------
time=114107111
mem_heap_B=139960
mem_heap_extra_B=136
mem_stacks_B=26928
heap_tree=empty
#-----------
snapshot=31
#-----------
time=118754446
mem_heap_B=6336
mem_heap_extra_B=32
mem_stacks_B=19544
heap_tree=empty
#-----------
snapshot=32
#-----------
time=121852446
mem_heap_B=6336
mem_heap_extra_B=32
mem_stacks_B=19544
heap_tree=empty
#-----------
snapshot=33
#-----------
time=125055040
mem_heap_B=6336
mem_heap_extra_B=32
mem_stacks_B=19576
heap_tree=empty
#-----------
snapshot=34
#-----------
time=128154717
mem_heap_B=187000
mem_heap_extra_B=112
mem_stacks_B=28400
heap_tree=empty
#-----------
snapshot=35
#-----------
time=131285278
mem_heap_B=187000
mem_heap_extra_B=112
mem_stacks_B=28400
heap_tree=empty
#-----------
snapshot=36
#-----------
time=134383188
mem_heap_B=211592
mem_heap_extra_B=144
mem_stacks_B=26776
heap_tree=empty
#-----------
snapshot=37
#-----------
time=139030071
mem_heap_B=211592
mem_heap_extra_B=144
mem_stacks_B=26776
heap_tree=empty
#-----------
snapshot=38
#-----------
time=142127961
mem_heap_B=211592
mem_heap_extra_B=144
mem_stacks_B=26768
heap_tree=empty
#-----------
snapshot=39
#-----------
time=146774844
mem_heap_B=211592
mem_heap_extra_B=144
mem_stacks_B=26768
heap_tree=empty
#-----------
snapshot=40
#-----------
time=149872949
mem_heap_B=211576
mem_heap_extra_B=136
mem_stacks_B=26912
heap_tree=empty
#-----------
snapshot=41
#-----------
time=152971605
mem_heap_B=6336
mem_heap_extra_B=32
mem_stacks_B=19544
heap_tree=empty
#-----------
snapshot=42
#-----------
time=156069854
mem_heap_B=10464
mem_heap_extra_B=48
mem_stacks_B=22480
heap_tree=empty
#-----------
snapshot=43
#-----------
time=160719497
mem_heap_B=139976
mem_heap_extra_B=144
mem_stacks_B=26776
heap_tree=empty
#-----------
snapshot=44
#-----------
time=166915503
mem_heap_B=139960
mem_heap_extra_B=136
mem_stacks_B=26928
heap_tree=empty
#-----------
snapshot=45
#-----------
time=171562772
mem_heap_B=6336
mem_heap_extra_B=32
mem_stacks_B=19544
heap_tree=empty
#-----------
snapshot=46
#-----------
time=176936366
mem_heap_B=6336
mem_heap_extra_B=32
mem_stacks_B=19576
heap_tree=empty
#-----------
snapshot=47
#-----------
time=180036043
mem_heap_B=187000
mem_heap_extra_B=112
mem_stacks_B=28400
heap_tree=empty
#-----------
snapshot=48
#-----------
time=183166604
mem_heap_B=187000
mem_heap_extra_B=112
mem_stacks_B=28400
heap_tree=empty
#-----------
snapshot=49
#-----------
time=189362353
mem_heap_B=211592
mem_heap_extra_B=144
mem_stacks_B=26768
heap_tree=empty
#-----------
snapshot=50
#-----------
time=191458369
mem_heap_B=211592
mem_heap_extra_B=144
mem_stacks_B=26768
heap_tree=empty
#-----------
snapshot=51
#-----------
time=193554433
mem_heap_B=211592
mem_heap_extra_B=144
mem_stacks_B=26776
heap_tree=empty
#-----------
snapshot=52
#-----------
time=195650449
mem_heap_B=211592
mem_heap_extra_B=144
mem_stacks_B=26776
heap_tree=empty
#-----------
snapshot=53
#-----------
time=197746498
mem_heap_B=211592
mem_heap_extra_B=144
mem_stacks_B=26776
heap_tree=empty
#-----------
snapshot=54
#-----------
time=199842514
mem_heap_B=211592
mem_heap_extra_B=144
mem_stacks_B=26776
heap_tree=empty
#-----------
snapshot=55
#-----------
time=201938513
mem_heap_B=211576
mem_heap_extra_B=136
mem_stacks_B=26776
heap_tree=empty
#-----------
snapshot=56
#-----------
time=204034638
mem_heap_B=211576
mem_heap_extra_B=136
mem_stacks_B=26912
heap_tree=empty
#-----------
snapshot=57
#-----------
time=206130931
mem_heap_B=6336
mem_heap_extra_B=32
mem_stacks_B=19544
heap_tree=empty
#-----------
snapshot=58
#-----------
time=208226999
mem_heap_B=10464
mem_heap_extra_B=48
mem_stacks_B=22496
heap_tree=empty
#-----------
snapshot=59
#-----------
time=210324409
mem_heap_B=114140
mem_heap_extra_B=124
mem_stacks_B=28400
heap_tree=empty
#-----------
snapshot=60
#-----------
time=212420466
mem_heap_B=139976
mem_heap_extra_B=144
mem_stacks_B=26776
heap_tree=empty
#-----------
snapshot=61
#-----------
time=214516479
mem_heap_B=139976
mem_heap_extra_B=144
mem_stacks_B=26768
heap_tree=empty
#-----------
snapshot=62
#-----------
time=216612741
mem_heap_B=139960
mem_heap_extra_B=136
mem_stacks_B=26912
heap_tree=detailed
n1: 139960 (heap allocation functions) malloc/new/new[], --alloc-fns, etc.
 n2: 139960 0x105FB12: heap.rawCAlloc (heap.zig:188)
  n1: 139776 0x109507C: rawAlloc (Allocator.zig:86)
   n1: 139776 0x109507C: mem.Allocator.allocBytesWithAlignment__anon_8746 (Allocator.zig:225)
    n1: 139776 0x105FC4A: mem.Allocator.allocWithSizeAndAlignment__anon_4770 (Allocator.zig:211)
     n1: 139776 0x10528A8: allocAdvancedWithRetAddr (Allocator.zig:205)
      n3: 139776 0x10528A8: mem.Allocator.alloc__anon_4105 (Allocator.zig:129)
       n6: 136640 0x10526AE: tensor.Tensor(f32).fromShape (tensor.zig:116)
        n1: 78400 0x10557C3: op_convolution.im2col__anon_4313 (op_convolution.zig:858)
         n1: 78400 0x10572CD: op_convolution.convolve_tensor_with_bias__anon_4312 (op_convolution.zig:335)
          n2: 78400 0x105B64C: op_convolution.OnnxConvLean__anon_4307 (op_convolution.zig:175)
           n1: 78400 0x1040C49: predict (static_lib_mnist_hard.zig:185)
            n1: 78400 0x103FD10: main.main (main.zig:63)
             n1: 78400 0x10508E0: callMain (start.zig:524)
              n1: 78400 0x10508E0: callMainWithArgs (start.zig:482)
               n0: 78400 0x10508E0: main (start.zig:497)
           n0: 0 in 1 place, below massif's threshold (1.00%)
        n1: 25088 0x1056FFE: op_convolution.convolve_tensor_with_bias__anon_4312 (op_convolution.zig:328)
         n2: 25088 0x105B64C: op_convolution.OnnxConvLean__anon_4307 (op_convolution.zig:175)
          n1: 25088 0x1040C49: predict (static_lib_mnist_hard.zig:185)
           n1: 25088 0x103FD10: main.main (main.zig:63)
            n1: 25088 0x10508E0: callMain (start.zig:524)
             n1: 25088 0x10508E0: callMainWithArgs (start.zig:482)
              n0: 25088 0x10508E0: main (start.zig:497)
          n0: 0 in 1 place, below massif's threshold (1.00%)
        n1: 25088 0x10583FE: mat_mul (op_mat_mul.zig:74)
         n1: 25088 0x10583FE: op_convolution.convolve_tensor_with_bias__anon_4312 (op_convolution.zig:357)
          n2: 25088 0x105B64C: op_convolution.OnnxConvLean__anon_4307 (op_convolution.zig:175)
           n1: 25088 0x1040C49: predict (static_lib_mnist_hard.zig:185)
            n1: 25088 0x103FD10: main.main (main.zig:63)
             n1: 25088 0x10508E0: callMain (start.zig:524)
              n1: 25088 0x10508E0: callMainWithArgs (start.zig:482)
               n0: 25088 0x10508E0: main (start.zig:497)
           n0: 0 in 1 place, below massif's threshold (1.00%)
        n2: 4096 0x105AE20: op_convolution.OnnxConvLean__anon_4307 (op_convolution.zig:139)
         n1: 4096 0x1040C49: predict (static_lib_mnist_hard.zig:185)
          n1: 4096 0x103FD10: main.main (main.zig:63)
           n1: 4096 0x10508E0: callMain (start.zig:524)
            n1: 4096 0x10508E0: callMainWithArgs (start.zig:482)
             n0: 4096 0x10508E0: main (start.zig:497)
         n0: 0 in 1 place, below massif's threshold (1.00%)
        n1: 3136 0x10408B1: predict (static_lib_mnist_hard.zig:171)
         n1: 3136 0x103FD10: main.main (main.zig:63)
          n1: 3136 0x10508E0: callMain (start.zig:524)
           n1: 3136 0x10508E0: callMainWithArgs (start.zig:482)
            n0: 3136 0x10508E0: main (start.zig:497)
        n0: 832 in 2 places, all below massif's threshold (1.00%)
       n1: 3136 0x10405F9: predict (static_lib_mnist_hard.zig:163)
        n1: 3136 0x103FD10: main.main (main.zig:63)
         n1: 3136 0x10508E0: callMain (start.zig:524)
          n1: 3136 0x10508E0: callMainWithArgs (start.zig:482)
           n0: 3136 0x10508E0: main (start.zig:497)
       n0: 0 in 2 places, all below massif's threshold (1.00%)
  n0: 184 in 1 place, below massif's threshold (1.00%)
#-----------
snapshot=63
#-----------
time=218708771
mem_heap_B=139960
mem_heap_extra_B=136
mem_stacks_B=26912
heap_tree=empty
#-----------
snapshot=64
#-----------
time=220804758
mem_heap_B=139960
mem_heap_extra_B=136
mem_stacks_B=26912
heap_tree=empty
#-----------
snapshot=65
#-----------
time=222901098
mem_heap_B=6336
mem_heap_extra_B=32
mem_stacks_B=19544
heap_tree=empty
#-----------
snapshot=66
#-----------
time=224997098
mem_heap_B=6336
mem_heap_extra_B=32
mem_stacks_B=19544
heap_tree=empty
#-----------
snapshot=67
#-----------
time=227093098
mem_heap_B=6336
mem_heap_extra_B=32
mem_stacks_B=19544
heap_tree=empty
#-----------
snapshot=68
#-----------
time=229189472
mem_heap_B=16736
mem_heap_extra_B=48
mem_stacks_B=22496
heap_tree=empty
#-----------
snapshot=69
#-----------
time=231285464
mem_heap_B=187000
mem_heap_extra_B=112
mem_stacks_B=28128
heap_tree=empty
#-----------
snapshot=70
#-----------
time=233392338
mem_heap_B=187000
mem_heap_extra_B=112
mem_stacks_B=28400
heap_tree=empty
#-----------
snapshot=71
#-----------
time=235499453
mem_heap_B=187000
mem_heap_extra_B=112
mem_stacks_B=28400
heap_tree=empty
#-----------
snapshot=72
#-----------
time=237595464
mem_heap_B=199016
mem_heap_extra_B=120
mem_stacks_B=26912
heap_tree=empty
#-----------
snapshot=73
#-----------
time=239691605
mem_heap_B=211592
mem_heap_extra_B=144
mem_stacks_B=26776
heap_tree=empty
#-----------
snapshot=74
#-----------
time=241787654
mem_heap_B=211592
mem_heap_extra_B=144
mem_stacks_B=26776
heap_tree=empty
#-----------
snapshot=75
#-----------
time=243883670
mem_heap_B=211592
mem_heap_extra_B=144
mem_stacks_B=26776
heap_tree=empty
#-----------
snapshot=76
#-----------
time=245979770
mem_heap_B=211592
mem_heap_extra_B=144
mem_stacks_B=26776
heap_tree=empty
#-----------
snapshot=77
#-----------
time=248075786
mem_heap_B=211592
mem_heap_extra_B=144
mem_stacks_B=26776
heap_tree=empty
#-----------
snapshot=78
#-----------
time=250171835
mem_heap_B=211592
mem_heap_extra_B=144
mem_stacks_B=26776
heap_tree=empty
#-----------
snapshot=79
#-----------
time=252267851
mem_heap_B=211592
mem_heap_extra_B=144
mem_stacks_B=26776
heap_tree=empty
#-----------
snapshot=80
#-----------
time=254364144
mem_heap_B=211576
mem_heap_extra_B=136
mem_stacks_B=26912
heap_tree=empty
#-----------
snapshot=81
#-----------
time=256460257
mem_heap_B=6336
mem_heap_extra_B=32
mem_stacks_B=19544
heap_tree=empty
#-----------
snapshot=82
#-----------
time=258556257
mem_heap_B=6336
mem_heap_extra_B=32
mem_stacks_B=19544
heap_tree=empty
