desc: --massif-out-file=massif_static.out
cmd: zig-out/bin/main_profiling_target
time_unit: i
#-----------
snapshot=0
#-----------
time=0
mem_heap_B=0
mem_heap_extra_B=0
mem_stacks_B=0
heap_tree=empty
#-----------
snapshot=1
#-----------
time=275154
mem_heap_B=3136
mem_heap_extra_B=8
mem_stacks_B=0
heap_tree=empty
#-----------
snapshot=2
#-----------
time=294706
mem_heap_B=3168
mem_heap_extra_B=16
mem_stacks_B=0
heap_tree=empty
#-----------
snapshot=3
#-----------
time=298003
mem_heap_B=31456
mem_heap_extra_B=48
mem_stacks_B=0
heap_tree=empty
#-----------
snapshot=4
#-----------
time=303219
mem_heap_B=35584
mem_heap_extra_B=64
mem_stacks_B=0
heap_tree=empty
#-----------
snapshot=5
#-----------
time=943602
mem_heap_B=35592
mem_heap_extra_B=80
mem_stacks_B=0
heap_tree=detailed
n1: 35592 (heap allocation functions) malloc/new/new[], --alloc-fns, etc.
 n2: 35592 0x11464EA: heap.rawCAlloc (heap.zig:296)
  n1: 35456 0x10FC23A: rawAlloc (Allocator.zig:129)
   n1: 35456 0x10FC23A: mem.Allocator.allocBytesWithAlignment__anon_23482 (Allocator.zig:269)
    n1: 35456 0x110F5D2: mem.Allocator.allocWithSizeAndAlignment__anon_24367 (Allocator.zig:260)
     n1: 35456 0x10FC918: allocAdvancedWithRetAddr (Allocator.zig:254)
      n2: 35456 0x10FC918: mem.Allocator.alloc__anon_24193 (Allocator.zig:178)
       n3: 32320 0x1110039: Core.Tensor.tensor.Tensor(f32).fromShape (tensor.zig:244)
        n1: 25088 0x10FD75F: lib_mnist-8.predict (lib_mnist-8.zig:75)
         n1: 25088 0x10FCC11: main.main (main.zig:48)
          n1: 25088 0x110D2E7: callMain (start.zig:656)
           n1: 25088 0x110D2E7: callMainWithArgs (start.zig:616)
            n0: 25088 0x110D2E7: main (start.zig:631)
        n1: 4096 0x1124EA8: Core.Tensor.TensorMath.op_convolution.OnnxConvLean__anon_24536 (op_convolution.zig:225)
         n1: 4096 0x10FD832: lib_mnist-8.predict (lib_mnist-8.zig:77)
          n1: 4096 0x10FCC11: main.main (main.zig:48)
           n1: 4096 0x110D2E7: callMain (start.zig:656)
            n1: 4096 0x110D2E7: callMainWithArgs (start.zig:616)
             n0: 4096 0x110D2E7: main (start.zig:631)
        n1: 3136 0x10FD51B: lib_mnist-8.predict (lib_mnist-8.zig:66)
         n1: 3136 0x10FCC11: main.main (main.zig:48)
          n1: 3136 0x110D2E7: callMain (start.zig:656)
           n1: 3136 0x110D2E7: callMainWithArgs (start.zig:616)
            n0: 3136 0x110D2E7: main (start.zig:631)
       n1: 3136 0x10FD25F: lib_mnist-8.predict (lib_mnist-8.zig:58)
        n1: 3136 0x10FCC11: main.main (main.zig:48)
         n1: 3136 0x110D2E7: callMain (start.zig:656)
          n1: 3136 0x110D2E7: callMainWithArgs (start.zig:616)
           n0: 3136 0x110D2E7: main (start.zig:631)
  n0: 136 in 1 place, below massif's threshold (1.00%)
#-----------
snapshot=6
#-----------
time=946073
mem_heap_B=60744
mem_heap_extra_B=104
mem_stacks_B=0
heap_tree=empty
#-----------
snapshot=7
#-----------
time=950396
mem_heap_B=139160
mem_heap_extra_B=120
mem_stacks_B=0
heap_tree=empty
#-----------
snapshot=8
#-----------
time=2973445
mem_heap_B=139176
mem_heap_extra_B=128
mem_stacks_B=0
heap_tree=empty
#-----------
snapshot=9
#-----------
time=2974003
mem_heap_B=139976
mem_heap_extra_B=136
mem_stacks_B=0
heap_tree=empty
#-----------
snapshot=10
#-----------
time=3025109
mem_heap_B=139992
mem_heap_extra_B=144
mem_stacks_B=0
heap_tree=empty
#-----------
snapshot=11
#-----------
time=3025638
mem_heap_B=140792
mem_heap_extra_B=152
mem_stacks_B=0
heap_tree=empty
#-----------
snapshot=12
#-----------
time=3039603
mem_heap_B=140808
mem_heap_extra_B=160
mem_stacks_B=0
heap_tree=detailed
n1: 140808 (heap allocation functions) malloc/new/new[], --alloc-fns, etc.
 n2: 140808 0x11464EA: heap.rawCAlloc (heap.zig:296)
  n1: 140576 0x10FC23A: rawAlloc (Allocator.zig:129)
   n1: 140576 0x10FC23A: mem.Allocator.allocBytesWithAlignment__anon_23482 (Allocator.zig:269)
    n1: 140576 0x110F5D2: mem.Allocator.allocWithSizeAndAlignment__anon_24367 (Allocator.zig:260)
     n1: 140576 0x10FC918: allocAdvancedWithRetAddr (Allocator.zig:254)
      n3: 140576 0x10FC918: mem.Allocator.alloc__anon_24193 (Allocator.zig:178)
       n6: 136640 0x1110039: Core.Tensor.tensor.Tensor(f32).fromShape (tensor.zig:244)
        n1: 78400 0x1113372: Core.Tensor.TensorMath.op_convolution.im2col__anon_24730 (op_convolution.zig:1093)
         n1: 78400 0x11195E5: Core.Tensor.TensorMath.op_convolution.convolve_tensor_with_bias__anon_24688 (op_convolution.zig:464)
          n1: 78400 0x112599B: Core.Tensor.TensorMath.op_convolution.OnnxConvLean__anon_24536 (op_convolution.zig:270)
           n1: 78400 0x10FD832: lib_mnist-8.predict (lib_mnist-8.zig:77)
            n1: 78400 0x10FCC11: main.main (main.zig:48)
             n1: 78400 0x110D2E7: callMain (start.zig:656)
              n1: 78400 0x110D2E7: callMainWithArgs (start.zig:616)
               n0: 78400 0x110D2E7: main (start.zig:631)
        n1: 25088 0x10FD75F: lib_mnist-8.predict (lib_mnist-8.zig:75)
         n1: 25088 0x10FCC11: main.main (main.zig:48)
          n1: 25088 0x110D2E7: callMain (start.zig:656)
           n1: 25088 0x110D2E7: callMainWithArgs (start.zig:616)
            n0: 25088 0x110D2E7: main (start.zig:631)
        n1: 25088 0x11193D1: Core.Tensor.TensorMath.op_convolution.convolve_tensor_with_bias__anon_24688 (op_convolution.zig:450)
         n1: 25088 0x112599B: Core.Tensor.TensorMath.op_convolution.OnnxConvLean__anon_24536 (op_convolution.zig:270)
          n1: 25088 0x10FD832: lib_mnist-8.predict (lib_mnist-8.zig:77)
           n1: 25088 0x10FCC11: main.main (main.zig:48)
            n1: 25088 0x110D2E7: callMain (start.zig:656)
             n1: 25088 0x110D2E7: callMainWithArgs (start.zig:616)
              n0: 25088 0x110D2E7: main (start.zig:631)
        n1: 4096 0x1124EA8: Core.Tensor.TensorMath.op_convolution.OnnxConvLean__anon_24536 (op_convolution.zig:225)
         n1: 4096 0x10FD832: lib_mnist-8.predict (lib_mnist-8.zig:77)
          n1: 4096 0x10FCC11: main.main (main.zig:48)
           n1: 4096 0x110D2E7: callMain (start.zig:656)
            n1: 4096 0x110D2E7: callMainWithArgs (start.zig:616)
             n0: 4096 0x110D2E7: main (start.zig:631)
        n1: 3136 0x10FD51B: lib_mnist-8.predict (lib_mnist-8.zig:66)
         n1: 3136 0x10FCC11: main.main (main.zig:48)
          n1: 3136 0x110D2E7: callMain (start.zig:656)
           n1: 3136 0x110D2E7: callMainWithArgs (start.zig:616)
            n0: 3136 0x110D2E7: main (start.zig:631)
        n0: 832 in 2 places, all below massif's threshold (1.00%)
       n1: 3136 0x10FD25F: lib_mnist-8.predict (lib_mnist-8.zig:58)
        n1: 3136 0x10FCC11: main.main (main.zig:48)
         n1: 3136 0x110D2E7: callMain (start.zig:656)
          n1: 3136 0x110D2E7: callMainWithArgs (start.zig:616)
           n0: 3136 0x110D2E7: main (start.zig:631)
       n0: 800 in 1 place, below massif's threshold (1.00%)
  n0: 232 in 1 place, below massif's threshold (1.00%)
#-----------
snapshot=13
#-----------
time=3040838
mem_heap_B=165912
mem_heap_extra_B=176
mem_stacks_B=0
heap_tree=empty
#-----------
snapshot=14
#-----------
time=6975114
mem_heap_B=165912
mem_heap_extra_B=176
mem_stacks_B=0
heap_tree=detailed
n1: 165912 (heap allocation functions) malloc/new/new[], --alloc-fns, etc.
 n2: 165912 0x11464EA: heap.rawCAlloc (heap.zig:296)
  n1: 165664 0x10FC23A: rawAlloc (Allocator.zig:129)
   n1: 165664 0x10FC23A: mem.Allocator.allocBytesWithAlignment__anon_23482 (Allocator.zig:269)
    n1: 165664 0x110F5D2: mem.Allocator.allocWithSizeAndAlignment__anon_24367 (Allocator.zig:260)
     n1: 165664 0x10FC918: allocAdvancedWithRetAddr (Allocator.zig:254)
      n3: 165664 0x10FC918: mem.Allocator.alloc__anon_24193 (Allocator.zig:178)
       n7: 161728 0x1110039: Core.Tensor.tensor.Tensor(f32).fromShape (tensor.zig:244)
        n1: 78400 0x1113372: Core.Tensor.TensorMath.op_convolution.im2col__anon_24730 (op_convolution.zig:1093)
         n1: 78400 0x11195E5: Core.Tensor.TensorMath.op_convolution.convolve_tensor_with_bias__anon_24688 (op_convolution.zig:464)
          n1: 78400 0x112599B: Core.Tensor.TensorMath.op_convolution.OnnxConvLean__anon_24536 (op_convolution.zig:270)
           n1: 78400 0x10FD832: lib_mnist-8.predict (lib_mnist-8.zig:77)
            n1: 78400 0x10FCC11: main.main (main.zig:48)
             n1: 78400 0x110D2E7: callMain (start.zig:656)
              n1: 78400 0x110D2E7: callMainWithArgs (start.zig:616)
               n0: 78400 0x110D2E7: main (start.zig:631)
        n1: 25088 0x10FD75F: lib_mnist-8.predict (lib_mnist-8.zig:75)
         n1: 25088 0x10FCC11: main.main (main.zig:48)
          n1: 25088 0x110D2E7: callMain (start.zig:656)
           n1: 25088 0x110D2E7: callMainWithArgs (start.zig:616)
            n0: 25088 0x110D2E7: main (start.zig:631)
        n1: 25088 0x11193D1: Core.Tensor.TensorMath.op_convolution.convolve_tensor_with_bias__anon_24688 (op_convolution.zig:450)
         n1: 25088 0x112599B: Core.Tensor.TensorMath.op_convolution.OnnxConvLean__anon_24536 (op_convolution.zig:270)
          n1: 25088 0x10FD832: lib_mnist-8.predict (lib_mnist-8.zig:77)
           n1: 25088 0x10FCC11: main.main (main.zig:48)
            n1: 25088 0x110D2E7: callMain (start.zig:656)
             n1: 25088 0x110D2E7: callMainWithArgs (start.zig:616)
              n0: 25088 0x110D2E7: main (start.zig:631)
        n1: 25088 0x112085D: mat_mul (op_mat_mul.zig:94)
         n1: 25088 0x112085D: Core.Tensor.TensorMath.op_convolution.convolve_tensor_with_bias__anon_24688 (op_convolution.zig:536)
          n1: 25088 0x112599B: Core.Tensor.TensorMath.op_convolution.OnnxConvLean__anon_24536 (op_convolution.zig:270)
           n1: 25088 0x10FD832: lib_mnist-8.predict (lib_mnist-8.zig:77)
            n1: 25088 0x10FCC11: main.main (main.zig:48)
             n1: 25088 0x110D2E7: callMain (start.zig:656)
              n1: 25088 0x110D2E7: callMainWithArgs (start.zig:616)
               n0: 25088 0x110D2E7: main (start.zig:631)
        n1: 4096 0x1124EA8: Core.Tensor.TensorMath.op_convolution.OnnxConvLean__anon_24536 (op_convolution.zig:225)
         n1: 4096 0x10FD832: lib_mnist-8.predict (lib_mnist-8.zig:77)
          n1: 4096 0x10FCC11: main.main (main.zig:48)
           n1: 4096 0x110D2E7: callMain (start.zig:656)
            n1: 4096 0x110D2E7: callMainWithArgs (start.zig:616)
             n0: 4096 0x110D2E7: main (start.zig:631)
        n1: 3136 0x10FD51B: lib_mnist-8.predict (lib_mnist-8.zig:66)
         n1: 3136 0x10FCC11: main.main (main.zig:48)
          n1: 3136 0x110D2E7: callMain (start.zig:656)
           n1: 3136 0x110D2E7: callMainWithArgs (start.zig:616)
            n0: 3136 0x110D2E7: main (start.zig:631)
        n0: 832 in 2 places, all below massif's threshold (1.00%)
       n1: 3136 0x10FD25F: lib_mnist-8.predict (lib_mnist-8.zig:58)
        n1: 3136 0x10FCC11: main.main (main.zig:48)
         n1: 3136 0x110D2E7: callMain (start.zig:656)
          n1: 3136 0x110D2E7: callMainWithArgs (start.zig:616)
           n0: 3136 0x110D2E7: main (start.zig:631)
       n0: 800 in 1 place, below massif's threshold (1.00%)
  n0: 248 in 1 place, below massif's threshold (1.00%)
#-----------
snapshot=15
#-----------
time=6975930
mem_heap_B=165080
mem_heap_extra_B=152
mem_stacks_B=0
heap_tree=empty
#-----------
snapshot=16
#-----------
time=9944450
mem_heap_B=139992
mem_heap_extra_B=144
mem_stacks_B=0
heap_tree=empty
#-----------
snapshot=17
#-----------
time=9945519
mem_heap_B=139160
mem_heap_extra_B=120
mem_stacks_B=0
heap_tree=empty
#-----------
snapshot=18
#-----------
time=9950173
mem_heap_B=60760
mem_heap_extra_B=112
mem_stacks_B=0
heap_tree=empty
#-----------
snapshot=19
#-----------
time=9955387
mem_heap_B=35616
mem_heap_extra_B=72
mem_stacks_B=0
heap_tree=empty
#-----------
snapshot=20
#-----------
time=9957700
mem_heap_B=56576
mem_heap_extra_B=64
mem_stacks_B=0
heap_tree=empty
#-----------
snapshot=21
#-----------
time=13864075
mem_heap_B=31488
mem_heap_extra_B=56
mem_stacks_B=0
heap_tree=empty
#-----------
snapshot=22
#-----------
time=13865467
mem_heap_B=56576
mem_heap_extra_B=64
mem_stacks_B=0
heap_tree=empty
#-----------
snapshot=23
#-----------
time=14123794
mem_heap_B=31488
mem_heap_extra_B=56
mem_stacks_B=0
heap_tree=empty
#-----------
snapshot=24
#-----------
time=14125186
mem_heap_B=37760
mem_heap_extra_B=64
mem_stacks_B=0
heap_tree=empty
#-----------
snapshot=25
#-----------
time=15465616
mem_heap_B=12672
mem_heap_extra_B=56
mem_stacks_B=0
heap_tree=empty
#-----------
snapshot=26
#-----------
time=15467008
mem_heap_B=25216
mem_heap_extra_B=64
mem_stacks_B=0
heap_tree=empty
#-----------
snapshot=27
#-----------
time=15470852
mem_heap_B=35616
mem_heap_extra_B=80
mem_stacks_B=0
heap_tree=empty
#-----------
snapshot=28
#-----------
time=16753100
mem_heap_B=35624
mem_heap_extra_B=96
mem_stacks_B=0
heap_tree=empty
#-----------
snapshot=29
#-----------
time=16755587
mem_heap_B=48264
mem_heap_extra_B=120
mem_stacks_B=0
heap_tree=empty
#-----------
snapshot=30
#-----------
time=16758538
mem_heap_B=205080
mem_heap_extra_B=136
mem_stacks_B=0
heap_tree=empty
#-----------
snapshot=31
#-----------
time=20522165
mem_heap_B=205096
mem_heap_extra_B=144
mem_stacks_B=0
heap_tree=empty
#-----------
snapshot=32
#-----------
time=20522723
mem_heap_B=217896
mem_heap_extra_B=152
mem_stacks_B=0
heap_tree=empty
#-----------
snapshot=33
#-----------
time=21325337
mem_heap_B=217912
mem_heap_extra_B=160
mem_stacks_B=0
heap_tree=detailed
n1: 217912 (heap allocation functions) malloc/new/new[], --alloc-fns, etc.
 n2: 217912 0x11464EA: heap.rawCAlloc (heap.zig:296)
  n1: 217664 0x10FC23A: rawAlloc (Allocator.zig:129)
   n1: 217664 0x10FC23A: mem.Allocator.allocBytesWithAlignment__anon_23482 (Allocator.zig:269)
    n1: 217664 0x110F5D2: mem.Allocator.allocWithSizeAndAlignment__anon_24367 (Allocator.zig:260)
     n1: 217664 0x10FC918: allocAdvancedWithRetAddr (Allocator.zig:254)
      n3: 217664 0x10FC918: mem.Allocator.alloc__anon_24193 (Allocator.zig:178)
       n8: 214528 0x1110039: Core.Tensor.tensor.Tensor(f32).fromShape (tensor.zig:244)
        n1: 156800 0x1113372: Core.Tensor.TensorMath.op_convolution.im2col__anon_24730 (op_convolution.zig:1093)
         n1: 156800 0x11195E5: Core.Tensor.TensorMath.op_convolution.convolve_tensor_with_bias__anon_24688 (op_convolution.zig:464)
          n2: 156800 0x112599B: Core.Tensor.TensorMath.op_convolution.OnnxConvLean__anon_24536 (op_convolution.zig:270)
           n1: 156800 0x11021D9: lib_mnist-8.predict (lib_mnist-8.zig:132)
            n1: 156800 0x10FCC11: main.main (main.zig:48)
             n1: 156800 0x110D2E7: callMain (start.zig:656)
              n1: 156800 0x110D2E7: callMainWithArgs (start.zig:616)
               n0: 156800 0x110D2E7: main (start.zig:631)
           n0: 0 in 1 place, below massif's threshold (1.00%)
        n1: 12800 0x11197B0: Core.Tensor.TensorMath.op_convolution.convolve_tensor_with_bias__anon_24688 (op_convolution.zig:487)
         n2: 12800 0x112599B: Core.Tensor.TensorMath.op_convolution.OnnxConvLean__anon_24536 (op_convolution.zig:270)
          n1: 12800 0x11021D9: lib_mnist-8.predict (lib_mnist-8.zig:132)
           n1: 12800 0x10FCC11: main.main (main.zig:48)
            n1: 12800 0x110D2E7: callMain (start.zig:656)
             n1: 12800 0x110D2E7: callMainWithArgs (start.zig:616)
              n0: 12800 0x110D2E7: main (start.zig:631)
          n0: 0 in 1 place, below massif's threshold (1.00%)
        n1: 12544 0x1102106: lib_mnist-8.predict (lib_mnist-8.zig:130)
         n1: 12544 0x10FCC11: main.main (main.zig:48)
          n1: 12544 0x110D2E7: callMain (start.zig:656)
           n1: 12544 0x110D2E7: callMainWithArgs (start.zig:616)
            n0: 12544 0x110D2E7: main (start.zig:631)
        n1: 12544 0x11193D1: Core.Tensor.TensorMath.op_convolution.convolve_tensor_with_bias__anon_24688 (op_convolution.zig:450)
         n2: 12544 0x112599B: Core.Tensor.TensorMath.op_convolution.OnnxConvLean__anon_24536 (op_convolution.zig:270)
          n1: 12544 0x11021D9: lib_mnist-8.predict (lib_mnist-8.zig:132)
           n1: 12544 0x10FCC11: main.main (main.zig:48)
            n1: 12544 0x110D2E7: callMain (start.zig:656)
             n1: 12544 0x110D2E7: callMainWithArgs (start.zig:616)
              n0: 12544 0x110D2E7: main (start.zig:631)
          n0: 0 in 1 place, below massif's threshold (1.00%)
        n2: 10368 0x1124EA8: Core.Tensor.TensorMath.op_convolution.OnnxConvLean__anon_24536 (op_convolution.zig:225)
         n1: 10368 0x11021D9: lib_mnist-8.predict (lib_mnist-8.zig:132)
          n1: 10368 0x10FCC11: main.main (main.zig:48)
           n1: 10368 0x110D2E7: callMain (start.zig:656)
            n1: 10368 0x110D2E7: callMainWithArgs (start.zig:616)
             n0: 10368 0x110D2E7: main (start.zig:631)
         n0: 0 in 1 place, below massif's threshold (1.00%)
        n1: 6272 0x1101F1D: lib_mnist-8.predict (lib_mnist-8.zig:112)
         n1: 6272 0x10FCC11: main.main (main.zig:48)
          n1: 6272 0x110D2E7: callMain (start.zig:656)
           n1: 6272 0x110D2E7: callMainWithArgs (start.zig:616)
            n0: 6272 0x110D2E7: main (start.zig:631)
        n1: 3136 0x10FD51B: lib_mnist-8.predict (lib_mnist-8.zig:66)
         n1: 3136 0x10FCC11: main.main (main.zig:48)
          n1: 3136 0x110D2E7: callMain (start.zig:656)
           n1: 3136 0x110D2E7: callMainWithArgs (start.zig:616)
            n0: 3136 0x110D2E7: main (start.zig:631)
        n0: 64 in 5 places, all below massif's threshold (1.00%)
       n1: 3136 0x10FD25F: lib_mnist-8.predict (lib_mnist-8.zig:58)
        n1: 3136 0x10FCC11: main.main (main.zig:48)
         n1: 3136 0x110D2E7: callMain (start.zig:656)
          n1: 3136 0x110D2E7: callMainWithArgs (start.zig:616)
           n0: 3136 0x110D2E7: main (start.zig:631)
       n0: 0 in 1 place, below massif's threshold (1.00%)
  n0: 248 in 1 place, below massif's threshold (1.00%)
#-----------
snapshot=34
#-----------
time=21325866
mem_heap_B=230712
mem_heap_extra_B=168
mem_stacks_B=0
heap_tree=empty
#-----------
snapshot=35
#-----------
time=21535653
mem_heap_B=230728
mem_heap_extra_B=176
mem_stacks_B=0
heap_tree=empty
#-----------
snapshot=36
#-----------
time=21536888
mem_heap_B=243288
mem_heap_extra_B=192
mem_stacks_B=0
heap_tree=empty
#-----------
snapshot=37
#-----------
time=36802806
mem_heap_B=243288
mem_heap_extra_B=192
mem_stacks_B=0
heap_tree=peak
n1: 243288 (heap allocation functions) malloc/new/new[], --alloc-fns, etc.
 n2: 243288 0x11464EA: heap.rawCAlloc (heap.zig:296)
  n1: 243008 0x10FC23A: rawAlloc (Allocator.zig:129)
   n1: 243008 0x10FC23A: mem.Allocator.allocBytesWithAlignment__anon_23482 (Allocator.zig:269)
    n1: 243008 0x110F5D2: mem.Allocator.allocWithSizeAndAlignment__anon_24367 (Allocator.zig:260)
     n1: 243008 0x10FC918: allocAdvancedWithRetAddr (Allocator.zig:254)
      n3: 243008 0x10FC918: mem.Allocator.alloc__anon_24193 (Allocator.zig:178)
       n9: 227072 0x1110039: Core.Tensor.tensor.Tensor(f32).fromShape (tensor.zig:244)
        n1: 156800 0x1113372: Core.Tensor.TensorMath.op_convolution.im2col__anon_24730 (op_convolution.zig:1093)
         n1: 156800 0x11195E5: Core.Tensor.TensorMath.op_convolution.convolve_tensor_with_bias__anon_24688 (op_convolution.zig:464)
          n2: 156800 0x112599B: Core.Tensor.TensorMath.op_convolution.OnnxConvLean__anon_24536 (op_convolution.zig:270)
           n1: 156800 0x11021D9: lib_mnist-8.predict (lib_mnist-8.zig:132)
            n1: 156800 0x10FCC11: main.main (main.zig:48)
             n1: 156800 0x110D2E7: callMain (start.zig:656)
              n1: 156800 0x110D2E7: callMainWithArgs (start.zig:616)
               n0: 156800 0x110D2E7: main (start.zig:631)
           n0: 0 in 1 place, below massif's threshold (1.00%)
        n1: 12800 0x11197B0: Core.Tensor.TensorMath.op_convolution.convolve_tensor_with_bias__anon_24688 (op_convolution.zig:487)
         n2: 12800 0x112599B: Core.Tensor.TensorMath.op_convolution.OnnxConvLean__anon_24536 (op_convolution.zig:270)
          n1: 12800 0x11021D9: lib_mnist-8.predict (lib_mnist-8.zig:132)
           n1: 12800 0x10FCC11: main.main (main.zig:48)
            n1: 12800 0x110D2E7: callMain (start.zig:656)
             n1: 12800 0x110D2E7: callMainWithArgs (start.zig:616)
              n0: 12800 0x110D2E7: main (start.zig:631)
          n0: 0 in 1 place, below massif's threshold (1.00%)
        n1: 12544 0x1102106: lib_mnist-8.predict (lib_mnist-8.zig:130)
         n1: 12544 0x10FCC11: main.main (main.zig:48)
          n1: 12544 0x110D2E7: callMain (start.zig:656)
           n1: 12544 0x110D2E7: callMainWithArgs (start.zig:616)
            n0: 12544 0x110D2E7: main (start.zig:631)
        n1: 12544 0x11193D1: Core.Tensor.TensorMath.op_convolution.convolve_tensor_with_bias__anon_24688 (op_convolution.zig:450)
         n2: 12544 0x112599B: Core.Tensor.TensorMath.op_convolution.OnnxConvLean__anon_24536 (op_convolution.zig:270)
          n1: 12544 0x11021D9: lib_mnist-8.predict (lib_mnist-8.zig:132)
           n1: 12544 0x10FCC11: main.main (main.zig:48)
            n1: 12544 0x110D2E7: callMain (start.zig:656)
             n1: 12544 0x110D2E7: callMainWithArgs (start.zig:616)
              n0: 12544 0x110D2E7: main (start.zig:631)
          n0: 0 in 1 place, below massif's threshold (1.00%)
        n1: 12544 0x112085D: mat_mul (op_mat_mul.zig:94)
         n1: 12544 0x112085D: Core.Tensor.TensorMath.op_convolution.convolve_tensor_with_bias__anon_24688 (op_convolution.zig:536)
          n2: 12544 0x112599B: Core.Tensor.TensorMath.op_convolution.OnnxConvLean__anon_24536 (op_convolution.zig:270)
           n1: 12544 0x11021D9: lib_mnist-8.predict (lib_mnist-8.zig:132)
            n1: 12544 0x10FCC11: main.main (main.zig:48)
             n1: 12544 0x110D2E7: callMain (start.zig:656)
              n1: 12544 0x110D2E7: callMainWithArgs (start.zig:616)
               n0: 12544 0x110D2E7: main (start.zig:631)
           n0: 0 in 1 place, below massif's threshold (1.00%)
        n2: 10368 0x1124EA8: Core.Tensor.TensorMath.op_convolution.OnnxConvLean__anon_24536 (op_convolution.zig:225)
         n1: 10368 0x11021D9: lib_mnist-8.predict (lib_mnist-8.zig:132)
          n1: 10368 0x10FCC11: main.main (main.zig:48)
           n1: 10368 0x110D2E7: callMain (start.zig:656)
            n1: 10368 0x110D2E7: callMainWithArgs (start.zig:616)
             n0: 10368 0x110D2E7: main (start.zig:631)
         n0: 0 in 1 place, below massif's threshold (1.00%)
        n1: 6272 0x1101F1D: lib_mnist-8.predict (lib_mnist-8.zig:112)
         n1: 6272 0x10FCC11: main.main (main.zig:48)
          n1: 6272 0x110D2E7: callMain (start.zig:656)
           n1: 6272 0x110D2E7: callMainWithArgs (start.zig:616)
            n0: 6272 0x110D2E7: main (start.zig:631)
        n1: 3136 0x10FD51B: lib_mnist-8.predict (lib_mnist-8.zig:66)
         n1: 3136 0x10FCC11: main.main (main.zig:48)
          n1: 3136 0x110D2E7: callMain (start.zig:656)
           n1: 3136 0x110D2E7: callMainWithArgs (start.zig:616)
            n0: 3136 0x110D2E7: main (start.zig:631)
        n0: 64 in 4 places, all below massif's threshold (1.00%)
       n1: 12800 0x1116C30: Core.Tensor.TensorMath.lib_shape_math.op_transpose.transposeLastTwo__anon_24808 (op_transpose.zig:142)
        n1: 12800 0x1119D1A: Core.Tensor.TensorMath.op_convolution.convolve_tensor_with_bias__anon_24688 (op_convolution.zig:522)
         n2: 12800 0x112599B: Core.Tensor.TensorMath.op_convolution.OnnxConvLean__anon_24536 (op_convolution.zig:270)
          n1: 12800 0x11021D9: lib_mnist-8.predict (lib_mnist-8.zig:132)
           n1: 12800 0x10FCC11: main.main (main.zig:48)
            n1: 12800 0x110D2E7: callMain (start.zig:656)
             n1: 12800 0x110D2E7: callMainWithArgs (start.zig:616)
              n0: 12800 0x110D2E7: main (start.zig:631)
          n0: 0 in 1 place, below massif's threshold (1.00%)
       n1: 3136 0x10FD25F: lib_mnist-8.predict (lib_mnist-8.zig:58)
        n1: 3136 0x10FCC11: main.main (main.zig:48)
         n1: 3136 0x110D2E7: callMain (start.zig:656)
          n1: 3136 0x110D2E7: callMainWithArgs (start.zig:616)
           n0: 3136 0x110D2E7: main (start.zig:631)
  n0: 280 in 1 place, below massif's threshold (1.00%)
#-----------
snapshot=38
#-----------
time=36804260
mem_heap_B=230456
mem_heap_extra_B=168
mem_stacks_B=0
heap_tree=empty
#-----------
snapshot=39
#-----------
time=38293558
mem_heap_B=217912
mem_heap_extra_B=160
mem_stacks_B=0
heap_tree=empty
#-----------
snapshot=40
#-----------
time=38295265
mem_heap_B=205080
mem_heap_extra_B=136
mem_stacks_B=0
heap_tree=empty
#-----------
snapshot=41
#-----------
time=38304182
mem_heap_B=48280
mem_heap_extra_B=128
mem_stacks_B=0
heap_tree=empty
#-----------
snapshot=42
#-----------
time=38307738
mem_heap_B=35648
mem_heap_extra_B=88
mem_stacks_B=0
heap_tree=empty
#-----------
snapshot=43
#-----------
time=38311415
mem_heap_B=31488
mem_heap_extra_B=64
mem_stacks_B=0
heap_tree=empty
#-----------
snapshot=44
#-----------
time=40318120
mem_heap_B=18944
mem_heap_extra_B=56
mem_stacks_B=0
heap_tree=detailed
n1: 18944 (heap allocation functions) malloc/new/new[], --alloc-fns, etc.
 n2: 18944 0x11464EA: heap.rawCAlloc (heap.zig:296)
  n1: 18816 0x10FC23A: rawAlloc (Allocator.zig:129)
   n1: 18816 0x10FC23A: mem.Allocator.allocBytesWithAlignment__anon_23482 (Allocator.zig:269)
    n1: 18816 0x110F5D2: mem.Allocator.allocWithSizeAndAlignment__anon_24367 (Allocator.zig:260)
     n1: 18816 0x10FC918: allocAdvancedWithRetAddr (Allocator.zig:254)
      n3: 18816 0x10FC918: mem.Allocator.alloc__anon_24193 (Allocator.zig:178)
       n3: 15680 0x1110039: Core.Tensor.tensor.Tensor(f32).fromShape (tensor.zig:244)
        n1: 12544 0x11023B4: lib_mnist-8.predict (lib_mnist-8.zig:150)
         n1: 12544 0x10FCC11: main.main (main.zig:48)
          n1: 12544 0x110D2E7: callMain (start.zig:656)
           n1: 12544 0x110D2E7: callMainWithArgs (start.zig:616)
            n0: 12544 0x110D2E7: main (start.zig:631)
        n1: 3136 0x10FD51B: lib_mnist-8.predict (lib_mnist-8.zig:66)
         n1: 3136 0x10FCC11: main.main (main.zig:48)
          n1: 3136 0x110D2E7: callMain (start.zig:656)
           n1: 3136 0x110D2E7: callMainWithArgs (start.zig:616)
            n0: 3136 0x110D2E7: main (start.zig:631)
        n0: 0 in 11 places, all below massif's threshold (1.00%)
       n1: 3136 0x10FD25F: lib_mnist-8.predict (lib_mnist-8.zig:58)
        n1: 3136 0x10FCC11: main.main (main.zig:48)
         n1: 3136 0x110D2E7: callMain (start.zig:656)
          n1: 3136 0x110D2E7: callMainWithArgs (start.zig:616)
           n0: 3136 0x110D2E7: main (start.zig:631)
       n0: 0 in 1 place, below massif's threshold (1.00%)
  n0: 128 in 1 place, below massif's threshold (1.00%)
#-----------
snapshot=45
#-----------
time=40319512
mem_heap_B=31488
mem_heap_extra_B=64
mem_stacks_B=0
heap_tree=empty
#-----------
snapshot=46
#-----------
time=40414237
mem_heap_B=18944
mem_heap_extra_B=56
mem_stacks_B=0
heap_tree=empty
#-----------
snapshot=47
#-----------
time=40415629
mem_heap_B=19968
mem_heap_extra_B=64
mem_stacks_B=0
heap_tree=empty
#-----------
snapshot=48
#-----------
time=40852423
mem_heap_B=7424
mem_heap_extra_B=56
mem_stacks_B=0
heap_tree=empty
#-----------
snapshot=49
#-----------
time=40854444
mem_heap_B=8448
mem_heap_extra_B=72
mem_stacks_B=0
heap_tree=empty
#-----------
snapshot=50
#-----------
time=40855052
mem_heap_B=8464
mem_heap_extra_B=80
mem_stacks_B=0
heap_tree=empty
#-----------
snapshot=51
#-----------
time=40856040
mem_heap_B=8448
mem_heap_extra_B=72
mem_stacks_B=0
heap_tree=empty
#-----------
snapshot=52
#-----------
time=40856773
mem_heap_B=7392
mem_heap_extra_B=56
mem_stacks_B=0
heap_tree=empty
#-----------
snapshot=53
#-----------
time=40857780
mem_heap_B=17648
mem_heap_extra_B=72
mem_stacks_B=0
heap_tree=empty
#-----------
snapshot=54
#-----------
time=40859466
mem_heap_B=17664
mem_heap_extra_B=80
mem_stacks_B=0
heap_tree=empty
#-----------
snapshot=55
#-----------
time=40860074
mem_heap_B=17680
mem_heap_extra_B=88
mem_stacks_B=0
heap_tree=empty
#-----------
snapshot=56
#-----------
time=40861782
mem_heap_B=17664
mem_heap_extra_B=80
mem_stacks_B=0
heap_tree=empty
#-----------
snapshot=57
#-----------
time=40862788
mem_heap_B=17720
mem_heap_extra_B=104
mem_stacks_B=0
heap_tree=detailed
n1: 17720 (heap allocation functions) malloc/new/new[], --alloc-fns, etc.
 n2: 17720 0x11464EA: heap.rawCAlloc (heap.zig:296)
  n1: 17576 0x10FC23A: rawAlloc (Allocator.zig:129)
   n1: 17576 0x10FC23A: mem.Allocator.allocBytesWithAlignment__anon_23482 (Allocator.zig:269)
    n1: 17576 0x110F5D2: mem.Allocator.allocWithSizeAndAlignment__anon_24367 (Allocator.zig:260)
     n1: 17576 0x10FC918: allocAdvancedWithRetAddr (Allocator.zig:254)
      n3: 17576 0x10FC918: mem.Allocator.alloc__anon_24193 (Allocator.zig:178)
       n4: 14440 0x1110039: Core.Tensor.tensor.Tensor(f32).fromShape (tensor.zig:244)
        n1: 10240 0x1106F31: lib_mnist-8.predict (lib_mnist-8.zig:207)
         n1: 10240 0x10FCC11: main.main (main.zig:48)
          n1: 10240 0x110D2E7: callMain (start.zig:656)
           n1: 10240 0x110D2E7: callMainWithArgs (start.zig:616)
            n0: 10240 0x110D2E7: main (start.zig:631)
        n1: 3136 0x10FD51B: lib_mnist-8.predict (lib_mnist-8.zig:66)
         n1: 3136 0x10FCC11: main.main (main.zig:48)
          n1: 3136 0x110D2E7: callMain (start.zig:656)
           n1: 3136 0x110D2E7: callMainWithArgs (start.zig:616)
            n0: 3136 0x110D2E7: main (start.zig:631)
        n1: 1024 0x1106ABF: lib_mnist-8.predict (lib_mnist-8.zig:186)
         n1: 1024 0x10FCC11: main.main (main.zig:48)
          n1: 1024 0x110D2E7: callMain (start.zig:656)
           n1: 1024 0x110D2E7: callMainWithArgs (start.zig:616)
            n0: 1024 0x110D2E7: main (start.zig:631)
        n0: 40 in 15 places, all below massif's threshold (1.00%)
       n1: 3136 0x10FD25F: lib_mnist-8.predict (lib_mnist-8.zig:58)
        n1: 3136 0x10FCC11: main.main (main.zig:48)
         n1: 3136 0x110D2E7: callMain (start.zig:656)
          n1: 3136 0x110D2E7: callMainWithArgs (start.zig:616)
           n0: 3136 0x110D2E7: main (start.zig:631)
       n0: 0 in 1 place, below massif's threshold (1.00%)
  n0: 144 in 1 place, below massif's threshold (1.00%)
#-----------
snapshot=58
#-----------
time=40936615
mem_heap_B=16696
mem_heap_extra_B=96
mem_stacks_B=0
heap_tree=empty
#-----------
snapshot=59
#-----------
time=40937849
mem_heap_B=6440
mem_heap_extra_B=80
mem_stacks_B=0
heap_tree=empty
#-----------
snapshot=60
#-----------
time=40955531
mem_heap_B=6384
mem_heap_extra_B=56
mem_stacks_B=0
heap_tree=empty
#-----------
snapshot=61
#-----------
time=40956206
mem_heap_B=6352
mem_heap_extra_B=40
mem_stacks_B=0
heap_tree=empty
#-----------
snapshot=62
#-----------
time=40957052
mem_heap_B=3200
mem_heap_extra_B=24
mem_stacks_B=0
heap_tree=empty
#-----------
snapshot=63
#-----------
time=40957724
mem_heap_B=3136
mem_heap_extra_B=8
mem_stacks_B=0
heap_tree=empty
